# Job Info ----------------------------
Job ID: 131001
Node: node008
Starting: 12/11/23 02:29:19

# Run Results -------------------------
1: US10RMHS145
18: US10adam023
21: US10adam027
4: US10adam003
10: US10adam011
25: US10adam033
2: US10adam001
20: US10adam025
7: US10adam007
30: US10adam041
31: US10adam043
5
11: US10arth002
6
18: US10bann001
3
16: US10adam057
9
10: US10bann007
7
21: US10bann005
13: US10adam015
11
2: US10bann009
13
7: US10blai003
12
20: US10blai001
14
30: US10blai004
15
31: US10blai005
17
18: US10blai008
16
11: US10blai006
18
16: US10blai010
4
19: US10ante003
21
13: US10blai013
20
21: US10blai012
8
4: US10bann006
24
20: US10boon004
10
25: US10bann008
25
30: US10boon005
26
31: US10boon006
27
18: US10boon007
28
11: US10boon008
29
16: US10boon009
30
19: US10boon010
31
13: US10boon011
32
21: US10box_001
33
4: US10box_003
27: US10adam035
1
1: US10adam055
36
30: US10box_006
35
25: US10box_005
38
18: US10box_008
Process Process-19:
Traceback (most recent call last):
  File "/home/jtblake/.conda/envs/701/lib/python3.10/multiprocessing/process.py", line 315, in _bootstrap
    self.run()
  File "/home/jtblake/.conda/envs/701/lib/python3.10/multiprocessing/process.py", line 108, in run
    self._target(*self._args, **self._kwargs)
  File "/storage/homes/jtblake/undercover-salamander/./data/NOAAToJSON.py", line 149, in processStationQueue
    for i in stationQueue:
TypeError: 'Queue' object is not iterable
49
18: done!
37
31: US10box_007
34
20: US10box_004
41
19: US10box_013
42
13: US10box_014
44
4: US10box_023
43
21: US10box_020
39
11: US10box_009
46
1: US10box_030
47
30: US10boyd002
48
25: US10boyd003
19
10: US10blai011
51
20: US10brow001
45
27: US10box_024
52
19: US10brow003
54
4: US10brow005
23
7: US10boon003
53
13: US10brow004
57
1: US10brow006
59
25: US10brow007
60
10: US10brow008
62
27: US10brow009
50
31: US10boyd005
65
7: US10buff001
32: US10adam045
15: US10adam017
26: US10adam034
22: US10adam028
14: US10adam016
2
23: US10adam056
69
10: US10buff003
67
1: US10buff002
40
16: US10box_010
72
7: US10buff005
70
27: US10buff004
73
32: US10buff006
74
15: US10buff007
75
26: US10buff008
76
22: US10buff010
77
14: US10buff011
78
23: US10buff012
83
27: US10buff013
84
32: US10buff015
85
15: US10buff017
22
2: US10boon002
86
26: US10buff018
87
22: US10buff019
88
14: US10buff020
89
23: US10buff025
91
32: US10buff034
92
15: US10buff036
93
2: US10buff039
94
26: US10burt001
96
14: US10burt003
97
23: US10burt004
95
22: US10burt002
98
32: US10butl003
99
15: US10butl004
100
2: US10butl005
101
26: US10butl008
102
14: US10butl010
104
22: US10butl011
34: US10adam047
33: US10adam046
29: US10adam039
6: US10adam006
12: US10adam013
28: US10adam036
9: US10adam010
0: US009052008
17: US10adam022
24: US10adam032
35: US10adam051
112
8: US10butl015
116
33: US10cass010
113
5: US10butl020
118
6: US10ceda001
119
12: US10ceda002
120
28: US10ceda003
121
9: US10ceda004
122
0: US10ceda005
125
24: US10ceda009
123
17: US10ceda006
127
8: US10ceda011
128
33: US10ceda012
129
5: US10ceda013
130
6: US10ceda014
131
12: US10ceda015
132
28: US10ceda016
133
9: US10ceda017
134
0: US10ceda020
136
17: US10ceda026
135
24: US10ceda021
137
8: US10chas001
138
33: US10chas002
139
5: US10chas003
141
12: US10chas005
140
6: US10chas004
142
28: US10chas006
143
9: US10chas007
144
0: US10chas008
145
17: US10chas009
146
24: US10chas010
111
115
34: US10cass005
148
33: US10chas012
149
5: US10chas013
150
12: US10chas016
151
6: US10chas017
152
28: US10chas018
153
9: US10chas019
154
0: US10chas021
117
124
29: US10ceda008
126
35: US10ceda010
155
17: US10chas023
157
34: US10chas025
147
8: US10chas011
156
24: US10chas024
165
29: US10chas026
166
35: US10chas027
168
34: US10chas028
171
29: US10chas029
172
35: US10chas030
175
35: US10chas031
114
3: US10cass001
177
3: US10chas032
178
3: US10chas033
179
3: US10chas034
slurmstepd: error: *** JOB 131001 ON node008 CANCELLED AT 2023-12-11T02:32:25 ***
