# Job Info ----------------------------
Job ID: 131002
Node: node009
Starting: 12/11/23 02:32:20

# Run Results -------------------------
25: US10adam033
10: US10adam011
18: US10adam023
29: US10adam039
23: US10adam029
2: US10adam001
4: US10adam003
32: US10adam045
7: US10adam007
1: US10RMHS145
20: US10adam025
1
25: US10arth002
13: US10adam015
0
30: US10adam057
2
10: US10bann001
3
18: US10bann005
11: US10adam012
0
14: US10ante003
8
32: US10blai001
7
4: US10bann009
10
1: US10blai004
5
23: US10bann007
13
13: US10blai008
11
20: US10blai005
19: US10adam024
15
10: US10blai011
16
18: US10blai012
12
25: US10blai006
18
14: US10boon002
6
2: US10bann008
20
4: US10boon004
21
1: US10boon005
22
23: US10boon006
23
13: US10boon007
24
20: US10boon008
25
19: US10boon009
26
10: US10boon010
27
18: US10boon011
14
30: US10blai010
29
14: US10box_003
26: US10adam034
31
4: US10box_005
32
1: US10box_006
19
32: US10boon003
4
29: US10bann006
33
23: US10box_007
34
13: US10box_008
35
20: US10box_009
38
18: US10box_014
37
10: US10box_013
40
14: US10box_023
41
26: US10box_024
42
4: US10box_030
44
32: US10boyd003
30
2: US10box_004
46
23: US10brow001
47
13: US10brow003
17
11: US10blai013
48
20: US10brow004
36
19: US10box_010
45
29: US10boyd005
52
26: US10brow005
39
30: US10box_020
54
32: US10brow006
55
2: US10brow007
43
1: US10boyd002
58
11: US10brow008
28
25: US10box_001
60
19: US10brow009
61
29: US10buff001
33: US10adam046
27: US10adam035
22: US10adam028
63
30: US10buff003
62
26: US10buff002
65
2: US10buff004
67
11: US10buff005
68
25: US10buff006
69
19: US10buff007
70
29: US10buff008
9
7: US10blai003
71
33: US10buff010
72
27: US10buff011
73
22: US10buff012
75
26: US10buff013
77
11: US10buff015
81
7: US10buff017
82
33: US10buff018
83
27: US10buff019
84
22: US10buff020
87
7: US10buff025
88
33: US10buff034
89
27: US10buff036
90
22: US10buff039
91
7: US10burt001
92
33: US10burt002
93
27: US10burt003
94
22: US10burt004
34: US10adam047
15: US10adam017
0: US009052008
16: US10adam019
12: US10adam013
24: US10adam032
8: US10adam008
9: US10adam010
35: US10adam051
28: US10adam036
6: US10adam006
99
34: US10butl003
0
99
110
110
110
31: done!
slurmstepd: error: *** JOB 131002 ON node009 CANCELLED AT 2023-12-11T02:40:05 ***
