# Job Info ----------------------------
Job ID: 131104
Node: node008
Starting: 12/13/23 22:18:28

# Run Results -------------------------
Processing stations for TMAX individually
US009052008
US10RMHS145
US10adam001
US10adam002
US10adam003
US10adam004
US10adam006
US10adam007
US10adam008
US10adam010
US10adam011
US10adam012
US10adam013
US10adam015
US10adam016
US10adam017
US10adam019
US10adam022
US10adam023
US10adam024
US10adam025
US10adam027
US10adam028
US10adam029
US10adam032
US10adam033
US10adam034
US10adam035
US10adam036
US10adam039
US10adam041
US10adam043
US10adam045
US10adam046
US10adam047
US10adam051
US10adam055
US10adam056
US10adam057
US10ante003
US10arth002
US10bann001
US10bann005
US10bann006
US10bann007
US10bann008
US10bann009
US10blai001
US10blai003
US10blai004
US10blai005
US10blai006
US10blai008
US10blai010
US10blai011
US10blai012
US10blai013
US10boon002
US10boon003
US10boon004
US10boon005
US10boon006
US10boon007
US10boon008
US10boon009
US10boon010
US10boon011
US10box_001
US10box_003
US10box_004
US10box_005
US10box_006
US10box_007
US10box_008
US10box_009
US10box_010
US10box_013
US10box_014
US10box_020
US10box_023
US10box_024
US10box_030
US10boyd002
US10boyd003
US10boyd005
US10brow001
US10brow003
US10brow004
US10brow005
US10brow006
US10brow007
US10brow008
US10brow009
US10buff001
US10buff002
US10buff003
US10buff004
US10buff005
US10buff006
US10buff007
US10buff008
US10buff010
US10buff011
US10buff012
US10buff013
US10buff015
US10buff017
US10buff018
US10buff019
US10buff020
US10buff025
US10buff034
US10buff036
US10buff039
US10burt001
US10burt002
US10burt003
US10burt004
US10butl003
US10butl004
US10butl005
US10butl008
US10butl010
US10butl011
US10butl013
US10butl015
US10butl020
US10cass001
US10cass005
US10cass010
US10cass011
US10ceda001
US10ceda002
US10ceda003
US10ceda004
US10ceda005
US10ceda006
US10ceda008
US10ceda009
US10ceda010
US10ceda011
US10ceda012
US10ceda013
US10ceda014
US10ceda015
US10ceda016
US10ceda017
US10ceda020
US10ceda021
US10ceda026
US10chas001
US10chas002
US10chas003
US10chas004
US10chas005
US10chas006
US10chas007
US10chas008
US10chas009
US10chas010
US10chas011
US10chas012
US10chas013
US10chas016
US10chas017
US10chas018
US10chas019
US10chas021
US10chas023
US10chas024
US10chas025
US10chas026
US10chas027
US10chas028
US10chas029
US10chas030
US10chas031
US10chas032
US10chas033
US10chas034
US10chas035
US10chas036
US10chas037
US10chas038
US10cher001
US10cher004
US10cher005
US10cher006
US10cher007
US10cher008
US10cher009
US10cher010
US10cher011
US10cher012
US10cher013
US10cher014
US10cher016
US10cher017
US10cher018
US10cher019
US10cher022
US10cher023
US10cher024
US10cher025
US10cher026
US10cher027
US10cher028
US10cher032
US10cher034
US10chey002
US10chey003
US10chey004
US10chey005
US10chey006
US10chey007
US10chey008
US10chey009
US10chey010
US10chey012
US10chey013
US10chey014
US10chey015
US10chey016
US10chey017
US10chey018
US10chey019
US10chey021
US10chey022
US10chey024
US10chey025
US10chey026
US10chey027
US10chey028
US10chey029
US10chey030
US10chey031
US10chey032
US10chey033
US10chey034
US10chey035
US10chey036
US10chey037
US10chey038
US10chey040
US10chey041
US10chey045
US10chey046
US10chey047
US10chey049
US10chey053
US10chey056
US10chey060
US10chey064
US10chey065
US10clay002
US10clay004
US10clay005
US10clay007
US10clay008
US10clay009
US10clay012
US10clay013
US10clay015
US10clay017
US10clay018
US10clay019
US10clay020
US10clay021
US10clay023
US10clay024
US10clay025
US10clay027
US10clay029
US10clay037
US10clay039
US10clay041
US10clay044
US10colf001
US10colf002
US10colf003
US10colf005
US10cumi002
US10cumi003
US10cumi005
US10cumi006
US10cumi007
US10cumi008
US10cumi009
US10cumi010
US10cumi011
US10cumi012
US10cust001
US10cust002
US10cust003
US10cust004
US10cust005
US10cust007
US10cust008
US10cust009
US10cust010
US10cust011
US10cust012
US10cust013
US10cust014
US10cust015
US10cust016
US10cust017
US10cust020
US10cust021
US10cust022
US10cust027
US10cust028
US10cust029
US10cust032
US10cust035
US10cust039
US10cust040
US10cust041
US10cust042
US10cust045
US10cust046
US10dako002
US10dako003
US10dawe001
US10dawe002
US10dawe003
US10dawe005
US10dawe006
US10dawe007
US10dawe010
US10dawe011
US10dawe012
US10dawe013
US10dawe015
US10dawe016
US10dawe017
US10dawe018
US10dawe019
US10dawe023
US10dawe025
US10dawe026
US10dawe027
US10dawe030
US10daws001
US10daws002
US10daws003
US10daws004
US10daws005
US10daws006
US10daws007
US10daws008
US10daws009
US10daws010
US10daws011
US10daws012
US10daws013
US10daws014
US10daws015
US10daws017
US10daws018
US10deue001
US10deue002
US10deue003
US10deue004
US10deue005
US10deue009
US10deue010
US10deue012
US10deue013
US10deue015
US10deue016
US10deue017
US10deue018
US10deue020
US10deue021
US10deue025
US10dixo001
US10dixo003
US10dixo005
US10dixo006
US10dodg005
US10dodg012
US10doug001
US10doug002
US10doug005
US10doug006
US10doug007
US10doug009
US10doug012
US10doug013
US10doug014
US10doug015
US10doug018
US10doug019
US10doug020
US10doug021
US10doug022
US10doug024
US10doug025
US10doug029
US10doug031
US10doug033
US10doug035
US10doug036
US10doug046
US10doug051
US10doug052
US10doug053
US10doug054
US10doug055
US10doug057
US10doug059
US10doug060
US10doug064
US10dund001
US10dund002
US10dund003
US10dund004
US10dund005
US10dund006
US10dund007
US10dund008
US10dund009
US10dund010
US10dund011
US10dund013
US10dund014
US10dund015
US10dund016
US10dund017
US10dund018
US10dund019
US10dund020
US10dund022
US10dund023
US10fill001
US10fill002
US10fill003
US10fill005
US10fill006
US10fill007
US10fill008
US10fill010
US10fill011
US10fill012
US10fill014
US10fill015
US10fill019
US10fran001
US10fran002
US10fran003
US10fran004
US10fran005
US10fran006
US10fran007
US10fran008
US10fran009
US10fran013
US10fran014
US10fran015
US10fron002
US10fron003
US10fron004
US10fron005
US10fron007
US10fron008
US10fron009
US10fron010
US10fron011
US10fron012
US10fron014
US10fron015
US10fron016
US10fron017
US10fron018
US10fron019
US10furn001
US10furn002
US10furn003
US10furn004
US10furn005
US10furn006
US10furn007
US10furn008
US10furn009
US10furn010
US10furn014
US10furn015
US10furn018
US10furn019
US10furn020
US10furn022
US10furn024
US10furn025
US10furn031
US10gage001
US10gage002
US10gage003
US10gage004
US10gage007
US10gage008
US10gage009
US10gage012
US10gage013
US10gage015
US10gage017
US10gage018
US10gage020
US10gage021
US10gage022
US10gage023
US10gage025
US10gage026
US10gage033
US10gage035
US10gage044
US10gage045
US10gard002
US10gard003
US10gard004
US10gard007
US10gard008
US10gard009
US10gard010
US10gard011
US10gard016
US10gard019
US10gard020
US10gard021
US10garf001
US10garf002
US10garf003
US10garf004
US10garf005
US10garf006
US10garf007
US10garf009
US10garf010
US10garf011
US10gosp001
US10gosp002
US10gosp003
US10gosp004
US10gosp006
US10gran003
US10gran004
US10gran008
US10gran009
US10gran010
US10gran011
US10gran013
US10gree002
US10gree003
US10gree004
US10gree005
US10gree006
US10gree007
US10gree009
US10gree010
US10gree011
US10gree012
US10hall001
US10hall002
US10hall003
US10hall004
US10hall005
US10hall006
US10hall007
US10hall008
US10hall009
US10hall010
US10hall011
US10hall012
US10hall014
US10hall015
US10hall016
US10hall017
US10hall018
US10hall019
US10hall020
US10hall021
US10hall026
US10hall027
US10hall035
US10hall039
US10hall042
US10hall043
US10hall044
US10hami001
US10hami002
US10hami003
US10hami004
US10hami005
US10hami006
US10hami008
US10hami009
US10hami011
US10hami012
US10hami013
US10hami015
US10hami016
US10hami017
US10hami019
US10hami021
US10harl001
US10harl002
US10harl004
US10harl007
US10harl008
US10harl009
US10harl010
US10harl012
US10harl013
US10harl014
US10haye001
US10haye002
US10haye003
US10haye004
US10haye005
US10haye006
US10haye007
US10haye008
US10haye009
US10haye010
US10haye011
US10haye012
US10haye013
US10hitc002
US10hitc003
US10hitc004
US10hitc005
US10hitc006
US10hitc007
US10hitc008
US10hitc010
US10hitc011
US10hitc012
US10hitc013
US10hitc014
US10hitc015
US10hitc016
US10hitc017
US10hitc018
US10hitc019
US10hitc020
US10hitc022
US10hitc024
US10hitc028
US10holt001
US10holt002
US10holt003
US10holt004
US10holt006
US10holt007
US10holt008
US10holt009
US10holt010
US10holt011
US10holt012
US10holt014
US10holt015
US10holt016
US10holt018
US10holt019
US10holt022
US10holt023
US10holt024
US10holt029
US10hook001
US10hook002
US10hook003
US10hook004
US10hook006
US10hook007
US10hook008
US10howa001
US10howa002
US10howa003
US10howa004
US10howa005
US10howa007
US10howa008
US10howa009
US10howa010
US10jeff001
US10jeff002
US10jeff003
US10jeff004
US10jeff005
US10jeff006
US10jeff009
US10jeff011
US10jeff012
US10jeff013
US10jeff014
US10jeff016
US10jeff017
US10jeff018
US10jeff019
US10jeff020
US10jeff021
US10jeff023
US10jeff025
US10john001
US10john002
US10john003
US10john004
US10john005
US10john006
US10john007
US10john008
US10john009
US10john010
US10john012
US10john013
US10john014
US10john015
US10john016
US10john017
US10john020
US10john021
US10kear002
US10kear003
US10kear004
US10kear005
US10kear006
US10kear008
US10kear009
US10kear011
US10kear012
US10kear013
US10kear014
US10kear015
US10kear016
US10kear018
US10kear019
US10kear020
US10kear021
US10keit001
slurmstepd: error: *** JOB 131104 ON node008 CANCELLED AT 2023-12-13T22:30:15 ***
