# Job Info ----------------------------
Job ID: 131112
Node: node008
Starting: 12/14/23 14:33:49

# Run Results -------------------------
Processing stations for TMAX individually
US009052008
US10RMHS145
US10adam001
US10adam002
US10adam003
US10adam004
US10adam006
US10adam007
US10adam008
US10adam010
US10adam011
US10adam012
US10adam013
US10adam015
US10adam016
US10adam017
US10adam019
US10adam022
US10adam023
US10adam024
US10adam025
US10adam027
US10adam028
US10adam029
US10adam032
US10adam033
US10adam034
US10adam035
US10adam036
US10adam039
US10adam041
US10adam043
US10adam045
US10adam046
US10adam047
US10adam051
US10adam055
US10adam056
US10adam057
US10ante003
US10arth002
US10bann001
US10bann005
US10bann006
US10bann007
US10bann008
US10bann009
US10blai001
US10blai003
US10blai004
US10blai005
US10blai006
US10blai008
US10blai010
US10blai011
US10blai012
US10blai013
US10boon002
US10boon003
US10boon004
US10boon005
US10boon006
US10boon007
US10boon008
US10boon009
US10boon010
US10boon011
US10box_001
US10box_003
US10box_004
US10box_005
US10box_006
US10box_007
US10box_008
US10box_009
US10box_010
US10box_013
US10box_014
US10box_020
US10box_023
US10box_024
US10box_030
US10boyd002
US10boyd003
US10boyd005
US10brow001
US10brow003
US10brow004
US10brow005
US10brow006
US10brow007
US10brow008
US10brow009
US10buff001
US10buff002
US10buff003
US10buff004
US10buff005
US10buff006
US10buff007
US10buff008
US10buff010
US10buff011
US10buff012
US10buff013
US10buff015
US10buff017
US10buff018
US10buff019
