# Job Info ----------------------------
Job ID: 130999
Node: node008
Starting: 12/11/23 02:16:09

# Run Results -------------------------
1: US10RMHS145
10: US10adam011
25: US10adam033
18: US10adam023
4: US10adam003
21: US10adam027
23: US10adam029
20: US10adam025
29: US10adam039
31: US10adam043
7: US10adam007
32: US10arth002
10: US10bann001
19: US10adam057
18: US10bann006
4: US10bann007
30: US10adam041
23: US10bann009
29: US10blai003
25: US10bann005
31: US10blai004
7: US10blai005
32: US10blai006
10: US10blai008
19: US10blai010
1: US10adam055
30: US10blai013
2: US10adam001
23: US10boon002
21: US10bann008
25: US10boon004
31: US10boon005
7: US10boon006
32: US10boon007
10: US10boon008
19: US10boon009
1: US10boon010
30: US10boon011
2: US10box_001
23: US10box_003
22: US10adam028
25: US10box_005
31: US10box_006
7: US10box_007
32: US10box_008
10: US10box_009
21: US10box_004
1: US10box_013
30: US10box_014
23: US10box_023
2: US10box_020
22: US10box_024
25: US10box_030
7: US10boyd003
32: US10boyd005
4: US10blai012
10: US10brow001
21: US10brow003
1: US10brow004
29: US10boon003
23: US10brow006
2: US10brow007
22: US10brow008
7: US10buff001
25: US10brow009
30: US10brow005
4: US10buff003
32: US10buff002
21: US10buff005
1: US10buff006
29: US10buff007
23: US10buff008
2: US10buff010
22: US10buff011
7: US10buff012
25: US10buff013
19: US10box_010
4: US10buff017
30: US10buff015
21: US10buff019
20: US10blai001
23: US10buff034
10: US10buff004
2: US10buff036
22: US10buff039
1: US10buff020
25: US10burt002
19: US10burt003
30: US10butl003
4: US10burt004
21: US10butl004
20: US10butl005
10: US10butl010
23: US10butl008
2: US10butl011
22: US10butl013
1: US10butl015
19: US10cass001
7: US10burt001
30: US10cass005
21: US10cass011
4: US10cass010
20: US10ceda001
10: US10ceda002
23: US10ceda003
22: US10ceda005
2: US10ceda004
1: US10ceda006
19: US10ceda008
7: US10ceda009
25: US10butl020
29: US10buff025
4: US10ceda012
20: US10ceda013
31: US10boyd002
23: US10ceda015
22: US10ceda016
2: US10ceda017
1: US10ceda020
10: US10ceda014
19: US10ceda021
7: US10ceda026
29: US10chas002
4: US10chas003
31: US10chas005
21: US10ceda011
23: US10chas006
2: US10chas008
22: US10chas007
1: US10chas009
10: US10chas010
19: US10chas011
7: US10chas012
29: US10chas013
4: US10chas016
25: US10chas001
21: US10chas018
11: US10adam012
2: US10chas021
23: US10chas019
32: US10buff018
31: US10chas017
10: US10chas025
7: US10chas027
4: US10chas029
22: US10chas023
25: US10chas030
21: US10chas031
11: US10chas032
2: US10chas033
23: US10chas034
32: US10chas035
31: US10chas036
29: US10chas028
7: US10chas038
22: US10cher004
4: US10cher001
25: US10cher005
21: US10cher006
11: US10cher007
2: US10cher008
23: US10cher009
32: US10cher010
29: US10cher012
31: US10cher011
7: US10cher013
22: US10cher014
10: US10chas037
21: US10cher018
4: US10cher016
2: US10cher022
11: US10cher019
23: US10cher023
32: US10cher024
31: US10cher026
29: US10cher025
7: US10cher027
22: US10cher028
10: US10cher032
4: US10chey002
21: US10cher034
2: US10chey003
25: US10cher017
23: US10chey005
32: US10chey006
31: US10chey007
20: US10chas004
7: US10chey009
29: US10chey008
10: US10chey012
4: US10chey013
21: US10chey014
2: US10chey015
25: US10chey016
22: US10chey010
32: US10chey018
23: US10chey017
20: US10chey021
31: US10chey019
29: US10chey024
7: US10chey022
4: US10chey026
1: US10chas024
2: US10chey028
25: US10chey029
22: US10chey030
10: US10chey025
23: US10chey032
21: US10chey027
29: US10chey035
20: US10chey033
7: US10chey036
2: US10chey040
4: US10chey037
31: US10chey034
25: US10chey041
10: US10chey046
23: US10chey047
1: US10chey038
21: US10chey049
29: US10chey053
22: US10chey045
7: US10chey060
2: US10chey064
4: US10chey065
31: US10clay002
25: US10clay004
20: US10chey056
1: US10clay007
10: US10clay005
21: US10clay008
29: US10clay009
7: US10clay013
22: US10clay012
4: US10clay017
2: US10clay015
30: US10ceda010
25: US10clay019
20: US10clay020
1: US10clay021
21: US10clay024
10: US10clay023
29: US10clay025
11: US10chey004
22: US10clay027
4: US10clay029
30: US10clay037
25: US10clay039
20: US10clay041
1: US10clay044
31: US10clay018
21: US10colf001
10: US10colf002
29: US10colf003
11: US10colf005
22: US10cumi002
30: US10cumi003
25: US10cumi005
20: US10cumi006
1: US10cumi007
31: US10cumi008
29: US10cumi009
11: US10cumi010
26: US10cumi011
0: US10cust003
34: US10cust002
22: US10cust016
27: US10cumi012
32: US10chey031
20: US10cust027
33: US10cust001
31: US10cust029
29: US10cust032
11: US10cust035
26: US10cust039
0: US10cust040
34: US10cust041
27: US10cust042
32: US10cust045
15: US10cust007
18: US10cust046
33: US10dako003
31: US10dawe001
8: US10cust022
11: US10dawe003
26: US10dawe005
20: US10dako002
34: US10dawe007
0: US10dawe006
32: US10dawe011
27: US10dawe010
18: US10dawe013
33: US10dawe015
31: US10dawe016
11: US10dawe018
8: US10dawe017
35: US10cust010
20: US10dawe023
34: US10dawe025
0: US10dawe026
1: US10cust028
27: US10dawe030
32: US10dawe027
33: US10daws002
18: US10daws001
11: US10daws004
31: US10daws003
8: US10daws005
20: US10daws007
34: US10daws008
26: US10dawe019
1: US10daws010
0: US10daws009
32: US10daws012
33: US10daws013
18: US10daws014
11: US10daws015
8: US10daws017
27: US10daws011
20: US10daws018
15: US10dawe012
35: US10daws006
1: US10deue003
26: US10deue002
33: US10deue009
0: US10deue004
18: US10deue010
11: US10deue012
3: US10cust011
27: US10deue015
32: US10deue005
15: US10deue017
20: US10deue016
26: US10deue020
34: US10deue001
33: US10deue021
0: US10deue025
18: US10dixo001
11: US10dixo003
27: US10dixo006
3: US10dixo005
32: US10dodg005
8: US10deue013
20: US10doug001
15: US10dodg012
34: US10doug005
35: US10deue018
0: US10doug007
18: US10doug009
11: US10doug012
27: US10doug013
3: US10doug014
33: US10doug006
20: US10doug018
8: US10doug015
15: US10doug019
34: US10doug020
0: US10doug022
26: US10doug002
18: US10doug024
11: US10doug025
27: US10doug029
3: US10doug031
33: US10doug033
8: US10doug035
15: US10doug036
34: US10doug046
0: US10doug051
26: US10doug052
18: US10doug053
35: US10doug021
11: US10doug054
3: US10doug057
27: US10doug055
33: US10doug059
15: US10doug064
8: US10doug060
34: US10dund001
0: US10dund002
26: US10dund003
18: US10dund004
35: US10dund005
11: US10dund006
27: US10dund008
3: US10dund007
33: US10dund009
15: US10dund010
8: US10dund011
34: US10dund013
0: US10dund014
26: US10dund015
18: US10dund016
35: US10dund017
11: US10dund018
27: US10dund019
3: US10dund020
33: US10dund022
19: US10dund023
8: US10fill002
15: US10fill001
0: US10fill005
34: US10fill003
18: US10fill007
35: US10fill008
11: US10fill010
27: US10fill011
3: US10fill012
33: US10fill014
19: US10fill015
8: US10fill019
15: US10fran001
0: US10fran002
34: US10fran003
18: US10fran004
35: US10fran005
26: US10fill006
27: US10fran006
3: US10fran007
19: US10fran009
33: US10fran008
8: US10fran013
15: US10fran014
0: US10fran015
34: US10fron002
18: US10fron003
35: US10fron004
26: US10fron005
27: US10fron007
3: US10fron008
19: US10fron009
33: US10fron010
8: US10fron011
0: US10fron014
15: US10fron012
34: US10fron015
18: US10fron016
35: US10fron017
26: US10fron018
27: US10fron019
3: US10furn001
19: US10furn002
33: US10furn003
8: US10furn004
0: US10furn005
15: US10furn006
18: US10furn008
35: US10furn009
26: US10furn010
27: US10furn014
3: US10furn015
34: US10furn007
19: US10furn018
33: US10furn019
8: US10furn020
0: US10furn022
15: US10furn024
18: US10furn025
26: US10gage001
35: US10furn031
27: US10gage002
3: US10gage003
34: US10gage004
33: US10gage008
19: US10gage007
8: US10gage009
0: US10gage012
15: US10gage013
26: US10gage015
35: US10gage017
27: US10gage018
3: US10gage020
34: US10gage021
33: US10gage022
19: US10gage023
8: US10gage025
15: US10gage026
26: US10gage033
35: US10gage035
3: US10gage044
34: US10gage045
19: US10gard002
8: US10gard003
15: US10gard004
26: US10gard007
35: US10gard008
3: US10gard009
8: US10gard010
15: US10gard011
26: US10gard016
35: US10gard019
3: US10gard020
15: US10gard021
35: US10garf001
3: US10garf002
35: US10garf003
3: US10garf004
35: US10garf005
6: US10garf006
12: US10garf010
28: US10garf007
24: US10garf011
9: US10garf009
5: US10gosp003
17: US10gosp001
16: US10gosp002
13: US10gosp006
6: US10gosp004
12: US10gran003
30: US10gran004
14: US10gran008
28: US10gran009
24: US10gran010
9: US10gran011
5: US10gran013
17: US10gree002
16: US10gree003
13: US10gree004
6: US10gree006
12: US10gree007
30: US10gree010
14: US10gree011
28: US10gree012
24: US10hall001
9: US10hall002
5: US10hall003
17: US10hall004
16: US10hall005
13: US10hall006
6: US10hall007
12: US10hall008
30: US10hall009
14: US10hall010
28: US10hall011
24: US10hall012
9: US10hall014
5: US10hall015
17: US10hall016
16: US10hall017
13: US10hall018
6: US10hall019
12: US10hall020
30: US10hall021
14: US10hall026
28: US10hall035
24: US10hall039
9: US10hall042
5: US10hall043
17: US10hami001
16: US10hami002
13: US10hami003
6: US10hami004
12: US10hami005
30: US10hami006
14: US10hami008
24: US10hami011
28: US10hami009
9: US10hami012
5: US10hami013
17: US10hami015
16: US10hami016
13: US10hami017
6: US10hami019
12: US10hami021
30: US10harl001
14: US10harl002
24: US10harl004
9: US10harl008
28: US10harl007
5: US10harl009
17: US10harl010
16: US10harl012
13: US10harl013
6: US10harl014
12: US10haye001
30: US10haye002
14: US10haye003
24: US10haye004
9: US10haye005
28: US10haye006
5: US10haye007
17: US10haye008
16: US10haye009
13: US10haye010
6: US10haye011
12: US10haye012
14: US10haye013
24: US10hitc002
9: US10hitc003
28: US10hitc004
5: US10hitc005
17: US10hitc006
16: US10hitc007
13: US10hitc008
6: US10hitc010
12: US10hitc011
14: US10hitc012
24: US10hitc013
9: US10hitc014
28: US10hitc015
5: US10hitc016
17: US10hitc017
16: US10hitc018
13: US10hitc019
6: US10hitc020
12: US10hitc022
14: US10hitc024
24: US10hitc028
9: US10holt001
28: US10holt002
5: US10holt003
17: US10holt004
16: US10holt006
13: US10holt007
6: US10holt008
12: US10holt009
14: US10holt010
24: US10holt011
9: US10holt012
28: US10holt014
5: US10holt015
17: US10holt016
16: US10holt018
13: US10holt019
6: US10holt022
12: US10holt023
14: US10holt024
24: US10holt029
9: US10hook001
28: US10hook002
5: US10hook003
17: US10hook004
16: US10hook006
13: US10hook007
6: US10hook008
12: US10howa001
14: US10howa002
24: US10howa003
9: US10howa004
28: US10howa005
5: US10howa007
17: US10howa008
16: US10howa009
13: US10howa010
6: US10jeff001
12: US10jeff002
14: US10jeff003
24: US10jeff004
9: US10jeff005
28: US10jeff006
5: US10jeff009
17: US10jeff011
16: US10jeff012
13: US10jeff013
6: US10jeff014
12: US10jeff016
14: US10jeff017
24: US10jeff018
9: US10jeff019
28: US10jeff020
5: US10jeff021
17: US10jeff023
16: US10jeff025
13: US10john001
6: US10john002
12: US10john003
14: US10john004
24: US10john005
9: US10john006
28: US10john007
5: US10john008
17: US10john009
16: US10john010
13: US10john012
12: US10john013
14: US10john014
24: US10john015
9: US10john016
5: US10john017
14: US10john020
slurmstepd: error: *** JOB 130999 ON node008 CANCELLED AT 2023-12-11T02:28:24 ***
