# Job Info ----------------------------
Job ID: 131028
Node: node009
Starting: 12/11/23 03:49:50

# Run Results -------------------------
Creating data for parameter: TMIN:

Processing stations individually...
1: US10RMHS145
10: US10adam011
4: US10adam003
18: US10adam023
7: US10adam007
21: US10adam027
29: US10adam039
13: US10adam015
31: US10adam043
11: US10adam012
20: US10adam025
22: US10adam028
3: US10adam002
16: US10adam019
2: US10adam001
5: US10adam004
25: US10adam033
19: US10adam024
9: US10adam010
6: US10adam006
27: US10adam035
8: US10adam008
26: US10adam034
14: US10adam016
34: US10adam047
28: US10adam036
17: US10adam022
12: US10adam013
1: US10adam055
32: US10adam045
35: US10adam051
15: US10adam017
30: US10adam041
23: US10adam029
7: US10arth002
33: US10adam046
4: US10adam057
24: US10adam032
22: US10blai001
21: US10bann001
3: US10blai003
5: US10blai006
9: US10blai011
29: US10bann005
18: US10ante003
26: US10boon003
20: US10bann009
2: US10blai005
25: US10blai008
16: US10blai004
13: US10bann006
19: US10blai010
11: US10bann008
28: US10boon006
6: US10blai012
17: US10boon007
8: US10boon002
10: US10adam056
14: US10boon004
31: US10bann007
12: US10boon008
1: US10boon009
33: US10box_006
27: US10blai013
34: US10boon005
32: US10boon010
30: US10box_003
13: US10brow003
5: US10box_014
25: US10boyd005
4: US10box_007
35: US10boon011
20: US10boyd002
15: US10box_001
2: US10boyd003
16: US10brow001
22: US10box_009
21: US10box_010
9: US10box_020
18: US10box_024
19: US10brow004
7: US10box_005
29: US10box_023
6: US10brow007
17: US10brow008
23: US10box_004
3: US10box_013
11: US10brow005
26: US10box_030
24: US10box_008
28: US10brow006
15: US10buff020
1: US10buff005
4: US10buff017
9: US10burt001
32: US10buff010
13: US10buff012
14: US10buff002
19: US10burt003
25: US10buff015
22: US10buff036
12: US10buff004
27: US10buff007
33: US10buff006
5: US10buff013
7: US10burt004
16: US10buff034
2: US10buff025
21: US10buff039
29: US10butl003
6: US10butl004
8: US10brow009
18: US10burt002
17: US10butl005
23: US10butl008
9: US10cass011
24: US10butl015
33: US10ceda010
3: US10butl010
10: US10buff001
2: US10ceda014
14: US10ceda003
19: US10ceda004
12: US10ceda008
16: US10ceda013
31: US10buff003
25: US10ceda005
29: US10ceda016
6: US10ceda017
13: US10ceda002
30: US10buff011
21: US10ceda015
15: US10cass001
35: US10buff018
1: US10cass005
32: US10ceda001
18: US10ceda021
17: US10ceda026
7: US10ceda012
22: US10ceda006
27: US10ceda009
20: US10buff019
34: US10buff008
3: US10chas005
5: US10ceda011
26: US10butl013
19: US10chas009
23: US10chas001
12: US10chas010
10: US10chas006
14: US10chas008
28: US10butl020
13: US10chas018
30: US10chas019
24: US10chas003
11: US10butl011
25: US10chas013
4: US10cass010
6: US10chas017
16: US10chas011
15: US10chas023
31: US10chas012
22: US10chas030
20: US10chas032
29: US10chas016
1: US10chas025
7: US10chas029
19: US10chas037
5: US10chas035
8: US10ceda020
26: US10chas036
28: US10cher006
27: US10chas031
10: US10cher004
12: US10cher001
30: US10cher008
13: US10cher007
24: US10cher009
31: US10cher017
11: US10cher010
3: US10chas034
16: US10cher014
14: US10cher005
29: US10cher022
33: US10chas004
2: US10chas007
35: US10chas024
1: US10cher023
4: US10cher012
20: US10cher019
15: US10cher016
6: US10cher013
19: US10cher025
9: US10chas002
22: US10cher018
27: US10cher034
32: US10chas026
7: US10cher024
5: US10cher026
21: US10chas021
26: US10cher028
30: US10chey004
12: US10chey003
28: US10cher032
18: US10chas027
10: US10chey002
6: US10chey022
33: US10chey014
11: US10chey008
29: US10chey013
17: US10chas028
31: US10chey007
34: US10chas033
3: US10chey009
24: US10chey006
14: US10chey012
23: US10chas038
13: US10chey005
16: US10chey010
5: US10chey030
2: US10chey015
4: US10chey018
12: US10chey034
7: US10chey029
9: US10chey025
19: US10chey024
35: US10chey016
25: US10cher011
20: US10chey019
15: US10chey021
28: US10chey035
22: US10chey026
26: US10chey032
32: US10chey028
31: US10chey047
29: US10chey045
8: US10cher027
3: US10chey053
23: US10chey064
33: US10chey040
11: US10chey041
34: US10chey049
17: US10chey046
14: US10chey060
18: US10chey036
10: US10chey037
2: US10clay005
1: US10chey017
5: US10clay004
25: US10clay017
19: US10clay013
16: US10clay002
35: US10clay015
20: US10clay018
31: US10clay025
21: US10chey031
6: US10chey038
28: US10clay020
22: US10clay021
26: US10clay023
12: US10clay008
15: US10clay019
29: US10clay027
24: US10chey056
13: US10chey065
32: US10clay024
27: US10chey027
30: US10chey033
4: US10clay007
3: US10clay037
11: US10clay044
18: US10colf005
9: US10clay012
23: US10clay039
33: US10clay041
7: US10clay009
8: US10clay029
35: US10cumi010
16: US10cumi009
17: US10colf002
34: US10colf001
5: US10cumi006
10: US10cumi002
21: US10cust001
14: US10colf003
20: US10cumi011
25: US10cumi007
1: US10cumi005
12: US10cust007
15: US10cust008
6: US10cust002
31: US10cumi012
19: US10cumi008
28: US10cust003
2: US10cumi003
27: US10cust013
22: US10cust004
7: US10cust028
3: US10cust016
26: US10cust005
32: US10cust012
13: US10cust011
29: US10cust009
11: US10cust017
33: US10cust027
24: US10cust010
30: US10cust014
8: US10cust029
4: US10cust015
35: US10cust032
34: US10cust040
9: US10cust021
18: US10cust020
14: US10cust046
16: US10cust035
10: US10cust042
5: US10cust041
25: US10dako003
17: US10cust039
1: US10dawe001
27: US10dawe012
19: US10dawe007
21: US10cust045
6: US10dawe005
23: US10cust022
20: US10dako002
13: US10dawe019
29: US10dawe023
15: US10dawe003
31: US10dawe006
28: US10dawe010
2: US10dawe011
3: US10dawe016
24: US10dawe027
12: US10dawe002
22: US10dawe013
18: US10daws006
35: US10daws003
34: US10daws004
11: US10dawe025
26: US10dawe017
9: US10daws005
30: US10dawe030
7: US10dawe015
32: US10dawe018
17: US10daws012
14: US10daws007
33: US10dawe026
8: US10daws001
4: US10daws002
23: US10deue001
10: US10daws009
16: US10daws008
1: US10daws013
3: US10deue013
27: US10daws014
5: US10daws010
15: US10deue005
13: US10deue003
19: US10daws015
6: US10daws018
20: US10deue002
12: US10deue016
25: US10daws011
35: US10deue020
28: US10deue010
21: US10daws017
2: US10deue012
31: US10deue009
30: US10dixo005
7: US10dixo006
26: US10dixo001
34: US10deue021
11: US10deue025
22: US10deue017
29: US10deue004
9: US10dixo003
18: US10deue018
24: US10deue015
32: US10dodg005
17: US10dodg012
1: US10doug013
27: US10doug015
19: US10doug021
14: US10doug001
6: US10doug022
10: US10doug009
28: US10doug033
8: US10doug005
13: US10doug020
23: US10doug007
30: US10doug051
33: US10doug002
20: US10doug024
16: US10doug012
35: US10doug031
26: US10doug053
11: US10doug055
5: US10doug018
21: US10doug035
3: US10doug014
15: US10doug019
34: US10doug054
2: US10doug036
22: US10doug057
7: US10doug052
4: US10doug006
12: US10doug025
31: US10doug046
32: US10dund002
9: US10doug060
18: US10doug064
25: US10doug029
29: US10doug059
24: US10dund001
14: US10dund007
17: US10dund003
19: US10dund006
6: US10dund008
1: US10dund004
13: US10dund013
33: US10dund016
16: US10dund018
11: US10dund022
7: US10fill008
27: US10dund005
9: US10fill015
10: US10dund009
23: US10dund014
31: US10fill012
4: US10fill010
20: US10dund017
3: US10fill002
32: US10fill014
21: US10fill001
28: US10dund010
5: US10dund023
22: US10fill007
30: US10dund015
34: US10fill005
12: US10fill011
8: US10dund011
35: US10dund019
14: US10fran004
26: US10dund020
2: US10fill006
15: US10fill003
25: US10fran001
17: US10fran005
18: US10fill019
24: US10fran003
1: US10fran008
19: US10fran006
29: US10fran002
32: US10fron012
16: US10fran014
33: US10fran013
4: US10fron009
11: US10fran015
21: US10fron014
27: US10fron003
12: US10furn001
34: US10fron019
10: US10fron005
35: US10furn003
26: US10furn005
15: US10furn007
7: US10fron002
9: US10fron004
13: US10fran009
28: US10fron015
6: US10fran007
22: US10fron017
2: US10furn006
31: US10fron008
5: US10fron016
20: US10fron010
17: US10furn009
23: US10fron007
30: US10fron018
14: US10furn004
3: US10fron011
8: US10furn002
25: US10furn008
18: US10furn010
29: US10furn019
16: US10furn022
1: US10furn015
24: US10furn014
21: US10gage001
32: US10furn020
5: US10gage025
4: US10furn025
35: US10gage008
28: US10gage018
33: US10furn024
17: US10gage033
19: US10furn018
11: US10furn031
20: US10gage026
23: US10gage035
27: US10gage002
10: US10gage007
22: US10gage021
34: US10gage004
18: US10gard007
13: US10gage017
7: US10gage013
26: US10gage009
31: US10gage023
6: US10gage020
3: US10gard002
9: US10gage015
12: US10gage003
8: US10gard003
14: US10gage045
2: US10gage022
30: US10gage044
16: US10gard009
32: US10gard019
5: US10gard020
4: US10gard021
25: US10gard004
28: US10garf002
29: US10gard008
21: US10gard016
15: US10gage012
1: US10gard010
24: US10gard011
33: US10garf003
19: US10garf005
11: US10garf006
10: US10garf011
20: US10garf007
31: US10gran004
6: US10gran008
22: US10gosp001
12: US10gran011
8: US10gran013
26: US10gran003
7: US10gosp006
17: US10garf004
35: US10garf001
18: US10gosp003
16: US10gree005
27: US10garf010
23: US10garf009
14: US10gree002
3: US10gran009
4: US10gree009
9: US10gran010
34: US10gosp002
32: US10gree006
13: US10gosp004
29: US10gree012
28: US10gree011
2: US10gree003
25: US10gree010
30: US10gree004
5: US10gree007
8: US10hall015
31: US10hall010
21: US10hall001
22: US10hall012
23: US10hall027
1: US10hall003
14: US10hall035
10: US10hall008
12: US10hall014
33: US10hall005
15: US10hall002
11: US10hall007
34: US10hall044
27: US10hall026
7: US10hall017
4: US10hall042
3: US10hall039
6: US10hall011
35: US10hall019
20: US10hall009
9: US10hall043
26: US10hall016
17: US10hall018
24: US10hall004
18: US10hall020
19: US10hall006
5: US10hami009
16: US10hall021
32: US10hami001
22: US10hami015
13: US10hami002
25: US10hami006
11: US10harl007
10: US10hami021
30: US10hami008
12: US10harl001
21: US10hami013
2: US10hami005
28: US10hami004
33: US10harl002
29: US10hami003
23: US10hami016
14: US10hami019
27: US10harl009
31: US10hami012
1: US10hami017
15: US10harl004
6: US10harl014
8: US10hami011
18: US10haye007
34: US10harl008
20: US10haye002
17: US10haye005
35: US10haye001
7: US10harl010
25: US10hitc002
13: US10haye013
3: US10harl013
19: US10haye008
9: US10haye003
5: US10haye009
32: US10haye011
28: US10hitc010
33: US10hitc011
12: US10hitc006
2: US10hitc008
21: US10hitc007
26: US10haye004
11: US10hitc003
4: US10harl012
31: US10hitc016
24: US10haye006
16: US10haye010
6: US10hitc019
23: US10hitc013
22: US10haye012
7: US10holt003
15: US10hitc018
8: US10hitc020
33: US10holt014
25: US10holt004
35: US10holt002
3: US10holt007
12: US10holt015
1: US10hitc017
30: US10hitc005
18: US10hitc022
20: US10hitc028
34: US10hitc024
19: US10holt008
4: US10holt023
13: US10holt006
21: US10holt018
2: US10holt016
29: US10hitc012
24: US10holt029
10: US10hitc004
9: US10holt009
5: US10holt010
28: US10holt012
22: US10hook004
31: US10holt024
23: US10hook003
7: US10hook006
27: US10hitc015
6: US10hook002
16: US10hook001
14: US10hitc014
15: US10hook007
20: US10howa010
35: US10howa003
1: US10howa007
3: US10howa004
13: US10jeff004
33: US10howa001
25: US10howa002
19: US10jeff002
34: US10jeff001
18: US10howa009
26: US10holt019
4: US10jeff003
10: US10jeff012
17: US10holt001
29: US10jeff009
28: US10jeff016
24: US10jeff011
2: US10jeff006
11: US10holt022
5: US10jeff014
22: US10jeff017
31: US10jeff018
16: US10jeff025
32: US10holt011
27: US10jeff021
23: US10jeff019
13: US10john007
7: US10jeff020
30: US10howa008
6: US10jeff023
8: US10hook008
9: US10jeff013
20: US10john003
35: US10john004
21: US10jeff005
3: US10john006
1: US10john005
12: US10howa005
10: US10john016
29: US10john020
2: US10kear003
28: US10john021
19: US10john010
4: US10john015
24: US10kear002
15: US10john002
14: US10john001
26: US10john014
22: US10kear006
34: US10john012
31: US10kear008
30: US10kear016
7: US10kear015
33: US10john008
25: US10john009
9: US10kear020
18: US10john013
11: US10kear004
23: US10kear013
32: US10kear011
17: US10john017
16: US10kear009
5: US10kear005
8: US10kear019
20: US10kear021
27: US10kear012
10: US10keit006
13: US10kear014
12: US10keit005
29: US10keit007
21: US10keit002
6: US10kear018
3: US10keit003
19: US10keit011
35: US10keit001
33: US10keya004
22: US10keit020
30: US10keya002
24: US10keit014
9: US10kimb002
1: US10keit004
15: US10keit015
17: US10kimb008
26: US10keit019
28: US10keit009
27: US10kimb015
14: US10keit018
11: US10kimb004
18: US10kimb003
16: US10kimb009
34: US10keit025
4: US10keit013
7: US10keya003
25: US10kimb001
12: US10kimb028
31: US10keya001
23: US10kimb005
2: US10keit008
32: US10kimb007
20: US10kimb014
21: US10knox003
5: US10kimb010
33: US10knox008
24: US10knox011
8: US10kimb013
1: US10knox013
30: US10knox010
13: US10kimb023
10: US10kimb021
22: US10knox009
28: US10knox017
18: US10lanc005
26: US10knox016
35: US10knox007
4: US10lanc009
29: US10knox001
6: US10knox004
7: US10lanc011
17: US10knox015
16: US10lanc006
19: US10knox006
12: US10lanc013
32: US10lanc017
25: US10lanc012
27: US10knox018
31: US10lanc014
2: US10lanc016
3: US10knox005
30: US10lanc030
33: US10lanc024
22: US10lanc034
9: US10knox012
1: US10lanc029
23: US10lanc015
10: US10lanc033
15: US10knox014
14: US10knox019
26: US10lanc041
24: US10lanc025
5: US10lanc022
8: US10lanc027
28: US10lanc039
21: US10lanc019
20: US10lanc018
35: US10lanc042
4: US10lanc043
16: US10lanc066
18: US10lanc040
34: US10lanc007
11: US10lanc001
13: US10lanc031
27: US10lanc072
2: US10lanc084
26: US10linc016
6: US10lanc049
3: US10linc002
15: US10linc014
7: US10lanc050
32: US10lanc070
10: US10linc013
17: US10lanc052
29: US10lanc047
19: US10lanc067
24: US10linc017
23: US10linc012
31: US10lanc077
12: US10lanc068
22: US10linc006
1: US10linc009
8: US10linc019
25: US10lanc071
30: US10linc003
14: US10linc015
9: US10linc007
5: US10linc018
18: US10linc031
35: US10linc025
21: US10linc023
33: US10linc004
28: US10linc022
34: US10linc032
6: US10linc039
16: US10linc028
27: US10linc035
4: US10linc027
13: US10linc034
12: US10linc058
15: US10linc041
20: US10linc024
24: US10linc052
3: US10linc040
2: US10linc036
26: US10linc037
19: US10linc051
18: US10loga007
29: US10linc049
7: US10linc042
23: US10linc054
10: US10linc047
30: US10loga003
35: US10loga008
11: US10linc033
8: US10linc071
22: US10linc060
17: US10linc048
5: US10loga006
27: US10madi003
32: US10linc045
21: US10loup001
9: US10loga005
31: US10linc056
34: US10loup006
33: US10loup003
28: US10loup005
4: US10madi005
6: US10madi001
16: US10madi002
1: US10linc069
24: US10madi011
19: US10mcph002
13: US10madi006
15: US10madi009
14: US10loga004
7: US10mcph006
3: US10madi017
29: US10mcph005
10: US10merr002
2: US10madi018
5: US10merr010
25: US10loga002
18: US10mcph004
22: US10merr008
30: US10merr004
23: US10merr001
26: US10madi020
31: US10merr016
21: US10merr014
8: US10merr007
34: US10merr018
12: US10madi008
20: US10madi010
9: US10merr015
17: US10merr009
27: US10merr011
19: US10morr013
13: US10morr014
7: US10morr021
33: US10morr001
16: US10morr006
15: US10morr016
28: US10morr003
30: US10nema005
31: US10nema008
1: US10morr007
32: US10merr012
24: US10morr008
18: US10nema003
11: US10merr006
26: US10nema007
4: US10morr004
35: US10merr005
14: US10morr017
6: US10morr005
22: US10nema004
2: US10nanc006
10: US10nanc004
25: US10nema002
3: US10nanc001
29: US10nanc003
8: US10nema010
5: US10nema001
20: US10nema014
21: US10nema009
9: US10nuck001
7: US10nuck006
12: US10nema013
23: US10nema006
26: US10nuck022
19: US10nuck004
32: US10nuck018
34: US10nema012
28: US10nuck013
27: US10nuck003
17: US10nuck002
33: US10nuck007
31: US10nuck016
18: US10nuck020
30: US10nuck014
15: US10nuck011
3: US10otoe001
24: US10nuck019
14: US10nuck026
1: US10nuck017
22: US10nuck028
8: US10otoe003
13: US10nuck005
6: US10nuck027
4: US10nuck023
35: US10nuck024
21: US10otoe006
28: US10otoe015
32: US10otoe013
9: US10otoe007
26: US10otoe011
34: US10otoe014
17: US10otoe017
12: US10otoe009
33: US10otoe019
7: US10otoe008
23: US10otoe010
30: US10otoe028
18: US10otoe027
15: US10otoe030
5: US10otoe004
1: US10pawn005
22: US10pawn006
3: US10pawn002
4: US10pawn010
14: US10pawn004
16: US10nuck008
8: US10pawn007
35: US10pawn013
24: US10pawn003
6: US10pawn009
7: US10perk011
32: US10perk003
34: US10perk006
5: US10perk016
30: US10perk013
17: US10perk008
28: US10perk002
9: US10perk004
18: US10perk014
15: US10perk015
12: US10perk009
22: US10perk018
3: US10perk020
23: US10perk012
11: US10nuck021
14: US10perk022
24: US10perk032
34: US10perk038
2: US10nuck030
8: US10perk024
7: US10perk036
10: US10nuck034
1: US10perk017
16: US10perk023
30: US10perk042
32: US10perk037
5: US10perk040
22: US10phel009
27: US10otoe016
25: US10nuck035
28: US10phel002
13: US10pawn008
19: US10otoe012
12: US10phel008
9: US10phel003
29: US10otoe002
31: US10otoe026
18: US10phel005
17: US10phel001
20: US10otoe005
23: US10phel011
11: US10phel013
2: US10pier003
14: US10phel014
26: US10perk005
24: US10phel015
21: US10perk001
30: US10pier009
7: US10pier005
6: US10perk034
32: US10pier010
33: US10perk010
4: US10perk021
15: US10phel007
3: US10phel010
29: US10plat018
10: US10pier006
35: US10perk027
12: US10plat013
25: US10plat003
19: US10plat012
13: US10plat008
16: US10pier008
2: US10polk003
31: US10plat020
20: US10plat025
17: US10plat023
27: US10plat001
8: US10pier004
34: US10pier002
24: US10polk011
5: US10pier011
6: US10polk015
14: US10polk005
11: US10polk002
9: US10plat014
1: US10pier007
18: US10plat022
21: US10polk012
22: US10pier013
23: US10polk001
30: US10polk013
7: US10polk014
28: US10plat004
15: US10polk021
32: US10polk016
33: US10polk019
31: US10red_012
29: US10red_002
13: US10red_008
4: US10polk020
10: US10red_003
35: US10red_004
8: US10red_017
25: US10red_006
6: US10red_021
16: US10red_009
20: US10red_013
19: US10red_007
26: US10polk006
12: US10red_005
2: US10red_011
17: US10red_014
11: US10red_023
1: US10red_026
27: US10red_015
9: US10red_024
5: US10red_020
34: US10red_018
3: US10red_001
14: US10red_022
30: US10rich006
33: US10rich012
32: US10rich010
18: US10rich001
10: US10rock002
25: US10rock005
21: US10rich002
29: US10rich015
13: US10rich016
24: US10red_019
22: US10rich003
15: US10rich009
7: US10rich007
8: US10rock004
31: US10rich013
35: US10rock003
28: US10rich008
6: US10rock006
23: US10rich005
2: US10sali006
4: US10rock001
1: US10sali010
16: US10sali001
5: US10sali015
12: US10sali005
9: US10sali012
17: US10sali007
11: US10sali008
30: US10sali023
26: US10sali004
18: US10sali028
34: US10sali016
14: US10sali021
27: US10sali011
10: US10sali029
32: US10sali025
7: US10sarp008
20: US10sali002
31: US10sarp011
33: US10sali024
28: US10sarp014
19: US10sali003
29: US10sarp002
24: US10sarp005
4: US10sarp018
6: US10sarp015
3: US10sali019
21: US10sali031
25: US10sali030
8: US10sarp009
15: US10sarp007
13: US10sarp004
11: US10sarp032
22: US10sarp006
35: US10sarp012
12: US10sarp028
9: US10sarp029
18: US10sarp038
27: US10sarp049
5: US10sarp024
10: US10saun001
17: US10sarp031
23: US10sarp016
2: US10sarp017
16: US10sarp022
14: US10sarp048
33: US10saun012
28: US10saun014
1: US10sarp020
20: US10saun008
24: US10scot004
3: US10scot007
22: US10scot017
21: US10scot008
19: US10scot001
25: US10scot011
31: US10saun009
30: US10sarp035
34: US10sarp039
26: US10sarp036
11: US10scot016
8: US10scot012
4: US10scot005
12: US10scot019
27: US10scot023
18: US10scot022
15: US10scot013
32: US10saun002
5: US10scot026
14: US10sewa002
29: US10scot003
17: US10scot028
7: US10saun005
10: US10scot027
24: US10sewa009
6: US10scot006
35: US10scot018
13: US10scot014
31: US10sewa016
23: US10scot034
30: US10sewa017
3: US10sewa010
8: US10sewa023
9: US10scot020
34: US10sewa020
5: US10shem010
11: US10sewa022
33: US10sewa004
2: US10scot039
12: US10shem002
16: US10scot041
32: US10shem009
26: US10sewa021
21: US10sewa013
15: US10shem008
20: US10sewa007
13: US10sher004
27: US10shem003
28: US10sewa005
3: US10sher010
22: US10sewa011
23: US10sher006
11: US10sher015
24: US10sher001
34: US10sher013
9: US10sher012
35: US10sher003
17: US10shem014
19: US10sewa014
5: US10sher014
30: US10sher007
8: US10sher011
29: US10shem012
1: US10sewa006
4: US10shem001
14: US10shem011
25: US10sewa015
33: US10sher017
2: US10sher018
18: US10shem004
32: US10sher022
12: US10sher019
10: US10shem017
7: US10shem016
13: US10sher029
16: US10sher021
26: US10sher023
6: US10sher002
21: US10sher026
20: US10sher028
23: US10sher035
11: US10sher036
22: US10sher033
27: US10sher030
17: US10siou006
9: US10siou004
34: US10siou002
28: US10sher031
35: US10siou005
2: US10stan014
4: US10stan010
8: US10stan007
5: US10stan003
15: US10sher027
24: US10siou001
3: US10sher032
25: US10stan012
31: US10sher005
33: US10stan013
1: US10stan009
30: US10stan006
18: US10thay001
29: US10stan008
32: US10thay002
7: US10thay005
19: US10stan002
14: US10stan011
6: US10thay009
12: US10thay003
13: US10thay006
21: US10thay010
2: US10thay023
31: US10thom008
3: US10thom006
4: US10thay026
16: US10thay007
33: US10thom009
27: US10thay015
22: US10thay014
11: US10thay013
30: US10thom012
23: US10thay012
10: US10thay004
24: US10thom005
20: US10thay011
28: US10thay020
18: US10thom014
34: US10thay019
15: US10thom004
9: US10thay018
26: US10thay008
32: US10vall001
8: US10thom002
29: US10thur002
35: US10thay021
17: US10thay017
6: US10vall005
2: US10vall010
16: US10vall014
12: US10vall006
7: US10vall002
5: US10thom003
21: US10vall008
28: US10wash010
31: US10vall011
23: US10wash004
4: US10vall013
3: US10vall012
14: US10vall004
24: US10wash005
25: US10thom007
33: US10vall015
34: US10wash012
20: US10wash006
32: US10wayn003
11: US10vall020
18: US10wash011
35: US10wayn006
30: US10wash001
15: US10wash014
9: US10wayn001
6: US10wayn008
1: US10thom010
16: US10webs001
21: US10webs005
22: US10vall018
17: US10wayn007
2: US10wayn010
7: US10webs003
27: US10vall017
5: US10webs004
26: US10wayn002
19: US10vall003
8: US10wayn004
13: US10vall007
12: US10webs002
31: US10webs008
24: US10webs014
3: US10webs011
15: US10whee004
20: US10webs020
4: US10webs010
11: US10webs022
23: US10webs009
33: US10webs018
16: US10whee010
32: US10webs021
10: US10wash003
18: US10whee001
34: US10webs019
25: US10webs015
14: US10webs013
30: US10whee003
1: US10whee009
29: US10wayn005
5: US10york012
21: US10york002
2: US10york009
27: US10york011
8: US10york017
24: US10york022
13: US10york018
28: US10webs007
17: US10york008
14: US10york037
4: US10york026
12: US10york019
15: US10york024
3: US10york023
31: US10york020
10: US10york033
32: US10york032
34: US10york035
29: US10york041
30: US10york039
33: US10york029
23: US10york028
25: US10york036
9: US10whee006
11: US10york027
22: US10york003
7: US10york010
35: US10whee002
6: US10whee007
5: US10york042
24: US1AKAB0004
2: US10york045
19: US10york015
21: US10york044
8: US1AKAB0003
17: US1AKAB0007
26: US10york014
27: US1AKAB0001
32: US1AKAB0027
12: US1AKAB0014
14: US1AKAB0009
16: US10york031
28: US1AKAB0008
33: US1AKAB0036
4: US1AKAB0012
7: US1AKAB0058
31: US1AKAB0022
6: US1AKAB0061
1: US10york040
30: US1AKAB0034
29: US1AKAB0030
19: US1AKAB0073
20: US10york025
25: US1AKAB0048
3: US1AKAB0021
23: US1AKAB0038
21: US1AKAB0076
18: US10york034
8: US1AKBC0003
24: US1AKAB0064
9: US1AKAB0051
34: US1AKAB0028
35: US1AKAB0060
13: US1AKAB0006
5: US1AKAB0062
11: US1AKAB0052
22: US1AKAB0055
26: US1AKFN0004
27: US1AKFN0011
28: US1AKFN0030
15: US1AKAB0015
33: US1AKFN0031
10: US1AKAB0023
7: US1AKFN0033
17: US1AKBC0004
16: US1AKFN0018
32: US1AKFN0013
20: US1AKJB0002
3: US1AKJB0005
31: US1AKFN0035
21: US1AKJB0009
1: US1AKFN0039
29: US1AKHB0003
30: US1AKHB0002
6: US1AKFN0038
14: US1AKFN0016
2: US1AKAB0065
19: US1AKHB0006
24: US1AKJB0014
18: US1AKJB0010
35: US1AKKP0002
13: US1AKKP0005
9: US1AKJB0016
25: US1AKJB0003
23: US1AKJB0007
26: US1AKMS0010
4: US1AKFN0032
34: US1AKKP0001
5: US1AKKP0006
8: US1AKJB0011
10: US1AKMS0018
16: US1AKMS0021
12: US1AKFN0015
31: US1AKPW0005
30: US1AKVC0005
32: US1AKMS0022
22: US1AKMS0005
2: US1AKWH0003
19: US1AKWH0005
24: US1AKWH0012
27: US1AKMS0011
15: US1AKMS0014
11: US1AKKP0007
28: US1AKMS0012
26: US1ALAT0022
35: US1AKWP0001
6: US1AKVC0006
20: US1AKMS0026
34: US1ALBB0004
13: US1ALAT0002
18: US1AKWP0002
33: US1AKMS0015
9: US1ALAT0010
17: US1AKMS0020
4: US1ALBB0003
22: US1ALBL0008
8: US1ALBB0006
23: US1ALAT0014
25: US1ALAT0013
7: US1AKMS0019
1: US1AKSF0005
21: US1AKPW0009
5: US1ALBB0005
11: US1ALBL0018
28: US1ALBL0020
29: US1AKSH0002
31: US1ALBL0005
33: US1ALBR0007
13: US1ALBR0003
9: US1ALBT0001
14: US1AKVC0008
19: US1ALBL0011
20: US1ALBR0001
2: US1ALBL0009
34: US1ALBR0002
15: US1ALBL0016
18: US1ALBR0006
27: US1ALBL0015
10: US1ALBB0008
32: US1ALBL0007
35: US1ALBL0023
3: US1AKPW0001
26: US1ALBL0021
12: US1ALBL0003
6: US1ALBL0026
23: US1ALBW0005
30: US1ALBL0006
17: US1ALBT0002
16: US1ALBL0002
1: US1ALBW0011
7: US1ALBW0009
24: US1ALBL0013
5: US1ALBW0015
8: US1ALBW0004
9: US1ALBW0028
11: US1ALBW0017
4: US1ALBW0001
22: US1ALBW0003
28: US1ALBW0019
31: US1ALBW0023
25: US1ALBW0008
34: US1ALBW0035
2: US1ALBW0033
12: US1ALBW0049
21: US1ALBW0013
27: US1ALBW0039
29: US1ALBW0020
19: US1ALBW0031
3: US1ALBW0043
35: US1ALBW0042
33: US1ALBW0026
6: US1ALBW0052
30: US1ALBW0054
13: US1ALBW0027
32: US1ALBW0041
20: US1ALBW0032
14: US1ALBW0030
10: US1ALBW0040
26: US1ALBW0045
8: US1ALBW0068
4: US1ALBW0075
15: US1ALBW0036
18: US1ALBW0038
24: US1ALBW0065
23: US1ALBW0053
31: US1ALBW0081
28: US1ALBW0080
11: US1ALBW0074
25: US1ALBW0082
34: US1ALBW0083
16: US1ALBW0058
17: US1ALBW0057
22: US1ALBW0079
21: US1ALBW0087
7: US1ALBW0060
19: US1ALBW0092
2: US1ALBW0085
32: US1ALBW0100
30: US1ALBW0098
29: US1ALBW0089
12: US1ALBW0086
33: US1ALBW0096
13: US1ALBW0099
6: US1ALBW0097
18: US1ALBW0112
14: US1ALBW0104
1: US1ALBW0059
10: US1ALBW0105
26: US1ALBW0106
20: US1ALBW0103
8: US1ALBW0107
28: US1ALBW0121
31: US1ALBW0115
15: US1ALBW0109
4: US1ALBW0108
24: US1ALBW0113
9: US1ALBW0071
34: US1ALCB0002
25: US1ALCB0001
5: US1ALBW0066
16: US1ALCB0004
7: US1ALCF0003
17: US1ALCC0001
30: US1ALCH0006
2: US1ALCH0001
33: US1ALCK0005
6: US1ALCK0008
13: US1ALCK0007
21: US1ALCE0001
28: US1ALCM0008
19: US1ALCF0004
31: US1ALCM0010
27: US1ALBW0088
15: US1ALCM0012
32: US1ALCH0003
9: US1ALCM0022
3: US1ALBW0094
23: US1ALBW0114
12: US1ALCK0004
18: US1ALCK0009
5: US1ALCN0005
35: US1ALBW0095
1: US1ALCM0001
29: US1ALCK0003
11: US1ALBW0122
22: US1ALCC0002
10: US1ALCM0003
16: US1ALCN0007
20: US1ALCM0005
4: US1ALCM0013
25: US1ALCN0004
2: US1ALCS0001
31: US1ALCT0003
30: US1ALCN0017
19: US1ALCT0002
33: US1ALCS0002
14: US1ALCK0010
13: US1ALCS0007
21: US1ALCS0008
32: US1ALCT0006
24: US1ALCM0016
17: US1ALCN0009
8: US1ALCM0006
26: US1ALCM0004
7: US1ALCN0008
9: US1ALCT0007
11: US1ALCY0002
18: US1ALCT0016
35: US1ALCT0025
1: US1ALCV0013
6: US1ALCS0003
22: US1ALDK0007
34: US1ALCN0001
23: US1ALCT0012
15: US1ALCT0005
5: US1ALCT0019
27: US1ALCT0004
12: US1ALCT0014
20: US1ALDK0010
28: US1ALCT0001
29: US1ALCW0001
3: US1ALCT0010
19: US1ALDK0020
30: US1ALDK0019
33: US1ALDK0022
4: US1ALDK0012
16: US1ALDK0009
25: US1ALDK0013
26: US1ALEL0006
2: US1ALDK0017
10: US1ALDK0008
13: US1ALDL0002
31: US1ALDK0018
21: US1ALDL0006
7: US1ALEL0007
23: US1ALEL0027
5: US1ALEL0033
32: US1ALDL0011
35: US1ALEL0016
14: US1ALDL0001
11: US1ALEL0012
12: US1ALES0003
8: US1ALEL0005
20: US1ALES0004
28: US1ALET0001
9: US1ALEL0010
15: US1ALEL0028
18: US1ALEL0014
29: US1ALET0002
24: US1ALDS0001
17: US1ALEL0004
1: US1ALEL0017
22: US1ALEL0022
3: US1ALET0004
6: US1ALEL0018
33: US1ALET0010
34: US1ALEL0024
25: US1ALFR0007
19: US1ALET0007
10: US1ALFY0003
4: US1ALFR0001
31: US1ALFY0009
30: US1ALET0008
16: US1ALFR0006
27: US1ALES0001
13: US1ALFY0005
5: US1ALHN0002
26: US1ALFY0001
12: US1ALHS0011
2: US1ALFY0002
8: US1ALHS0012
28: US1ALHS0016
23: US1ALHL0002
3: US1ALJC0010
21: US1ALFY0010
32: US1ALHS0003
35: US1ALHS0004
11: US1ALHS0009
9: US1ALHS0017
7: US1ALGV0005
24: US1ALJC0006
15: US1ALJC0001
29: US1ALJC0004
14: US1ALHS0006
20: US1ALHS0013
10: US1ALJC0022
31: US1ALJF0003
17: US1ALJC0007
27: US1ALJF0008
34: US1ALJC0014
25: US1ALJC0015
33: US1ALJC0013
13: US1ALJF0010
4: US1ALJF0002
1: US1ALJC0008
30: US1ALJF0004
26: US1ALJF0012
22: US1ALJC0009
19: US1ALJC0016
2: US1ALJF0020
18: US1ALJC0003
12: US1ALJF0017
6: US1ALJC0012
16: US1ALJF0007
21: US1ALJF0035
29: US1ALJF0046
23: US1ALJF0033
32: US1ALJF0036
5: US1ALJF0011
7: US1ALJF0040
3: US1ALJF0034
33: US1ALJF0068
8: US1ALJF0024
35: US1ALJF0037
11: US1ALJF0038
34: US1ALJF0064
28: US1ALJF0025
15: US1ALJF0044
25: US1ALJF0066
18: US1ALJF0080
12: US1ALJF0081
9: US1ALJF0039
10: US1ALJF0053
24: US1ALJF0042
1: US1ALJF0073
13: US1ALJF0069
31: US1ALJF0054
19: US1ALJF0077
14: US1ALJF0047
6: US1ALJF0082
22: US1ALJF0076
27: US1ALJF0062
26: US1ALJF0075
17: US1ALJF0057
4: US1ALJF0070
2: US1ALJF0078
20: US1ALJF0048
30: US1ALJF0074
32: US1ALLD0006
16: US1ALJF0083
21: US1ALLD0001
29: US1ALLD0002
23: US1ALLD0004
5: US1ALLD0008
1: US1ALLD0036
35: US1ALLD0016
8: US1ALLD0013
25: US1ALLD0026
11: US1ALLD0018
26: US1ALLD0053
7: US1ALLD0009
9: US1ALLD0032
24: US1ALLD0035
31: US1ALLD0043
6: US1ALLD0046
22: US1ALLD0047
19: US1ALLD0044
28: US1ALLD0023
18: US1ALLD0029
27: US1ALLD0050
12: US1ALLD0031
17: US1ALLE0003
3: US1ALLD0010
33: US1ALLD0012
10: US1ALLD0034
34: US1ALLD0020
14: US1ALLD0045
2: US1ALLE0005
21: US1ALLE0014
15: US1ALLD0025
32: US1ALLE0008
16: US1ALLE0012
13: US1ALLD0039
23: US1ALLE0016
20: US1ALLE0006
5: US1ALLE0017
29: US1ALLE0015
1: US1ALLE0018
4: US1ALLE0004
25: US1ALLE0022
35: US1ALLE0019
8: US1ALLE0020
30: US1ALLE0007
11: US1ALLE0023
7: US1ALLM0004
24: US1ALLR0002
13: US1ALLS0038
19: US1ALLR0009
9: US1ALLR0001
15: US1ALLS0028
26: US1ALLM0001
17: US1ALLS0009
10: US1ALLS0019
32: US1ALLS0034
16: US1ALLS0036
22: US1ALLR0008
34: US1ALLS0022
12: US1ALLS0008
23: US1ALLS0040
14: US1ALLS0023
27: US1ALLS0004
21: US1ALLS0026
2: US1ALLS0025
25: US1ALMB0015
18: US1ALLS0003
3: US1ALLS0010
33: US1ALLS0015
28: US1ALLS0002
8: US1ALMB0017
1: US1ALMB0011
6: US1ALLR0007
4: US1ALMB0014
29: US1ALMB0010
11: US1ALMB0021
35: US1ALMB0016
7: US1ALMB0022
19: US1ALMB0028
30: US1ALMB0018
5: US1ALMB0004
24: US1ALMB0023
20: US1ALMB0001
10: US1ALMB0039
9: US1ALMB0032
31: US1ALLR0005
17: US1ALMB0037
21: US1ALMB0059
15: US1ALMB0034
16: US1ALMB0042
27: US1ALMB0058
34: US1ALMB0047
18: US1ALMB0062
26: US1ALMB0035
32: US1ALMB0041
14: US1ALMB0056
13: US1ALMB0024
33: US1ALMB0066
23: US1ALMB0050
22: US1ALMB0044
29: US1ALMB0078
25: US1ALMB0061
2: US1ALMB0060
3: US1ALMB0063
12: US1ALMB0049
5: US1ALMB0092
10: US1ALMB0099
28: US1ALMB0067
11: US1ALMB0079
35: US1ALMB0085
6: US1ALMB0073
7: US1ALMB0086
17: US1ALMB0107
31: US1ALMB0103
19: US1ALMB0089
9: US1ALMB0101
30: US1ALMB0090
24: US1ALMB0095
1: US1ALMB0072
21: US1ALMB0108
20: US1ALMB0096
8: US1ALMB0071
4: US1ALMB0076
15: US1ALMB0110
27: US1ALMC0002
16: US1ALMC0001
13: US1ALMD0005
34: US1ALMC0003
22: US1ALMD0010
18: US1ALMD0001
12: US1ALMD0018
10: US1ALMD0023
14: US1ALMD0004
5: US1ALMD0020
26: US1ALMD0002
23: US1ALMD0007
27: US1ALMD0052
2: US1ALMD0015
33: US1ALMD0006
6: US1ALMD0029
32: US1ALMD0003
9: US1ALMD0036
24: US1ALMD0041
20: US1ALMD0045
25: US1ALMD0013
35: US1ALMD0028
30: US1ALMD0040
7: US1ALMD0030
1: US1ALMD0042
29: US1ALMD0012
28: US1ALMD0025
21: US1ALMD0043
4: US1ALMD0047
15: US1ALMD0048
8: US1ALMD0046
11: US1ALMD0026
31: US1ALMD0032
19: US1ALMD0033
3: US1ALMD0017
34: US1ALMD0057
16: US1ALMD0053
18: US1ALMD0067
17: US1ALMD0031
26: US1ALMD0076
23: US1ALMD0077
5: US1ALMD0074
33: US1ALMD0084
14: US1ALMD0072
2: US1ALMD0083
13: US1ALMD0054
32: US1ALMD0087
20: US1ALMD0093
9: US1ALMD0088
7: US1ALMD0099
24: US1ALMD0090
10: US1ALMD0071
22: US1ALMD0059
21: US1ALMD0108
12: US1ALMD0069
25: US1ALMD0094
30: US1ALMD0098
31: US1ALMD0116
35: US1ALMD0097
1: US1ALMD0101
29: US1ALMD0105
28: US1ALMD0107
15: US1ALMD0111
6: US1ALMD0085
4: US1ALMD0109
8: US1ALMD0112
3: US1ALMG0003
5: US1ALMG0026
19: US1ALMG0001
27: US1ALMD0082
14: US1ALMG0028
17: US1ALMG0016
23: US1ALMG0024
11: US1ALMD0113
13: US1ALMN0002
10: US1ALMR0004
34: US1ALMG0009
2: US1ALMG0030
16: US1ALMG0012
21: US1ALMS0002
31: US1ALMS0007
33: US1ALMG0027
20: US1ALMN0004
7: US1ALMN0007
9: US1ALMN0006
22: US1ALMS0001
25: US1ALMS0005
35: US1ALMS0010
32: US1ALMN0003
28: US1ALMS0015
26: US1ALMG0017
12: US1ALMS0004
18: US1ALMG0014
5: US1ALMS0023
14: US1ALMS0030
8: US1ALMS0021
24: US1ALMR0001
15: US1ALMS0018
29: US1ALMS0013
11: US1ALMS0035
30: US1ALMS0006
13: US1ALMS0037
6: US1ALMS0019
34: US1ALMY0004
4: US1ALMS0020
1: US1ALMS0011
31: US1ALMY0010
27: US1ALMS0029
23: US1ALMS0034
17: US1ALMS0031
10: US1ALMY0001
3: US1ALMS0022
20: US1ALMY0014
19: US1ALMS0027
22: US1ALRN0001
9: US1ALPK0001
33: US1ALMY0011
35: US1ALRN0003
21: US1ALMY0009
32: US1ALRN0004
8: US1ALSC0002
26: US1ALRS0002
25: US1ALRN0002
2: US1ALMY0006
13: US1ALSC0009
5: US1ALRS0008
14: US1ALSC0001
7: US1ALPC0001
16: US1ALMY0007
18: US1ALRS0007
15: US1ALSC0004
28: US1ALRS0001
12: US1ALRS0003
4: US1ALSC0013
29: US1ALSC0005
6: US1ALSC0011
30: US1ALSC0007
1: US1ALSH0001
34: US1ALSC0012
3: US1ALSH0012
31: US1ALSH0002
35: US1ALSH0020
33: US1ALSH0019
27: US1ALSH0004
23: US1ALSH0005
17: US1ALSH0006
24: US1ALSC0003
22: US1ALSH0015
11: US1ALSC0006
20: US1ALSH0013
5: US1ALSH0030
14: US1ALSH0032
16: US1ALSH0034
10: US1ALSH0011
18: US1ALSH0036
21: US1ALSH0021
25: US1ALSH0025
19: US1ALSH0014
7: US1ALSH0033
2: US1ALSH0026
26: US1ALSH0024
28: US1ALSH0041
12: US1ALSH0043
32: US1ALSH0022
9: US1ALSH0016
15: US1ALSH0037
13: US1ALSH0027
4: US1ALSH0046
17: US1ALSM0001
33: US1ALSH0069
1: US1ALSH0057
3: US1ALSH0061
35: US1ALSH0067
6: US1ALSH0052
8: US1ALSH0023
23: US1ALSH0072
27: US1ALSH0071
16: US1ALTG0012
29: US1ALSH0048
31: US1ALSH0062
34: US1ALSH0058
22: US1ALTG0003
10: US1ALTG0017
30: US1ALSH0055
20: US1ALTG0007
24: US1ALTG0002
5: US1ALTG0010
11: US1ALTG0006
25: US1ALTP0009
19: US1ALTP0010
15: US1ALTP0018
32: US1ALTP0016
13: US1ALTS0001
9: US1ALTP0017
7: US1ALTP0011
2: US1ALTP0012
18: US1ALTP0005
26: US1ALTP0013
14: US1ALTG0011
35: US1ALTS0019
12: US1ALTP0015
28: US1ALTP0014
1: US1ALTS0013
21: US1ALTP0007
33: US1ALTS0010
31: US1ALWK0008
27: US1ALWK0001
23: US1ALTS0025
34: US1ALWK0009
29: US1ALWK0004
30: US1ALWN0006
4: US1ALTS0003
8: US1ALTS0023
17: US1ALTS0004
24: US1ALWS0005
25: US1ALWX0003
3: US1ALTS0017
16: US1ALWK0003
6: US1ALTS0022
18: US1ARAS0007
19: US1ARAR0001
2: US1ARAS0005
10: US1ALWN0005
7: US1ARAS0004
14: US1ARAS0012
32: US1ARAR0003
22: US1ALWN0001
11: US1ALWX0002
9: US1ARAS0002
12: US1ARBN0005
13: US1ARAS0001
15: US1ARAR0002
20: US1ALWS0001
1: US1ARBN0019
28: US1ARBN0007
35: US1ARBN0002
27: US1ARBT0001
21: US1ARBN0020
23: US1ARBT0002
26: US1ARAS0009
5: US1ALWX0001
31: US1ARBN0022
4: US1ARBT0008
17: US1ARBT0011
33: US1ARBN0021
6: US1ARBT0018
2: US1ARBT0022
16: US1ARBT0016
34: US1ARBT0003
3: US1ARBT0015
32: US1ARBT0027
30: US1ARBT0007
7: US1ARBT0025
18: US1ARBT0019
14: US1ARBT0026
8: US1ARBT0009
29: US1ARBT0004
19: US1ARBT0020
20: US1ARBT0037
22: US1ARBT0028
13: US1ARBT0035
10: US1ARBT0024
11: US1ARBT0032
27: US1ARBT0048
25: US1ARBT0013
28: US1ARBT0044
9: US1ARBT0033
24: US1ARBT0012
26: US1ARBT0055
1: US1ARBT0039
33: US1ARBT0064
5: US1ARBT0056
12: US1ARBT0034
6: US1ARBT0065
4: US1ARBT0058
31: US1ARBT0057
23: US1ARBT0050
35: US1ARBT0045
21: US1ARBT0049
17: US1ARBT0063
7: US1ARBX0018
14: US1ARBX0020
8: US1ARBX0021
29: US1ARBX0022
15: US1ARBT0036
30: US1ARBX0017
34: US1ARBX0004
10: US1ARBX0034
16: US1ARBX0003
19: US1ARBX0024
28: US1ARBX0039
22: US1ARBX0026
2: US1ARBX0002
9: US1ARBX0041
24: US1ARBX0045
27: US1ARBX0037
13: US1ARBX0028
32: US1ARBX0011
3: US1ARBX0010
18: US1ARBX0019
5: US1ARCB0013
6: US1ARCF0002
25: US1ARBX0038
23: US1ARCF0007
26: US1ARCB0007
1: US1ARCB0010
11: US1ARBX0036
33: US1ARCB0012
20: US1ARBX0025
35: US1ARCF0008
15: US1ARCH0001
29: US1ARCG0012
8: US1ARCG0010
12: US1ARCF0001
17: US1ARCG0002
21: US1ARCF0010
14: US1ARCG0005
30: US1ARCK0002
4: US1ARCF0004
19: US1ARCK0010
31: US1ARCF0005
34: US1ARCK0004
7: US1ARCG0003
22: US1ARCM0004
2: US1ARCM0005
11: US1ARCR0017
16: US1ARCK0008
33: US1ARCR0018
32: US1ARCN0007
3: US1ARCR0001
10: US1ARCK0007
5: US1ARCR0006
9: US1ARCN0001
26: US1ARCR0014
35: US1ARCR0021
23: US1ARCR0011
27: US1ARCN0003
15: US1ARCS0005
29: US1ARCW0005
28: US1ARCM0003
6: US1ARCR0007
20: US1ARCR0020
21: US1ARCW0011
24: US1ARCN0002
12: US1ARCW0009
1: US1ARCR0015
18: US1ARCR0002
31: US1ARDL0004
13: US1ARCN0006
25: US1ARCR0008
30: US1ARCW0013
8: US1ARCW0007
14: US1ARCW0012
2: US1ARDR0011
4: US1ARCY0001
11: US1ARDR0012
33: US1ARDR0016
5: US1ARFK0003
7: US1ARDR0007
35: US1ARFK0009
17: US1ARCW0010
3: US1ARFK0001
9: US1ARFK0005
23: US1ARFK0010
19: US1ARDL0001
34: US1ARDR0004
16: US1ARDR0014
28: US1ARFK0018
32: US1ARDS0001
20: US1ARFK0020
26: US1ARFK0008
24: US1ARFK0027
27: US1ARFK0011
29: US1ARFK0017
12: US1ARFK0036
15: US1ARFK0016
14: US1ARFR0006
10: US1ARFK0002
18: US1ARFK0041
5: US1ARGL0008
30: US1ARFR0004
22: US1ARDR0009
31: US1ARFK0042
6: US1ARFK0019
13: US1ARFR0002
23: US1ARGL0021
2: US1ARGL0001
9: US1ARGL0018
34: US1ARGL0026
7: US1ARGL0009
4: US1ARGL0003
21: US1ARFK0023
16: US1ARGL0031
8: US1ARFR0005
1: US1ARFK0039
19: US1ARGL0023
32: US1ARGL0032
20: US1ARGL0034
11: US1ARGL0004
26: US1ARGN0005
14: US1ARGN0023
33: US1ARGL0005
29: US1ARGN0015
12: US1ARGN0019
35: US1ARGL0011
10: US1ARGT0002
28: US1ARGL0029
17: US1ARGL0016
25: US1ARFR0003
27: US1ARGN0011
30: US1ARGT0006
24: US1ARGN0006
3: US1ARGL0017
2: US1ARHM0007
6: US1ARHM0003
31: US1ARHM0002
18: US1ARGT0003
34: US1ARHS0006
21: US1ARHS0015
15: US1ARGN0021
22: US1ARGT0009
1: US1ARHW0003
5: US1ARGT0004
13: US1ARHM0005
11: US1ARHW0012
19: US1ARHW0005
32: US1ARHW0009
8: US1ARHW0002
20: US1ARHW0011
9: US1ARHS0001
23: US1ARHM0006
4: US1ARHS0013
16: US1ARHW0001
33: US1ARIN0005
14: US1ARIN0003
29: US1ARIN0006
10: US1ARIN0009
35: US1ARIN0008
25: US1ARIN0013
28: US1ARIN0010
7: US1ARHS0008
27: US1ARIN0014
3: US1ARIN0022
24: US1ARIN0019
30: US1ARIN0018
13: US1ARJF0012
34: US1ARIZ0008
32: US1ARJH0003
9: US1ARJH0008
20: US1ARJH0005
2: US1ARIZ0001
26: US1ARIN0002
18: US1ARIZ0007
33: US1ARLF0004
22: US1ARJF0004
15: US1ARJF0002
6: US1ARIZ0002
29: US1ARLG0001
31: US1ARIZ0003
12: US1ARIN0007
1: US1ARJF0005
11: US1ARJH0001
25: US1ARLG0008
23: US1ARLE0001
21: US1ARJF0001
4: US1ARLF0001
14: US1ARLF0007
10: US1ARLG0002
16: US1ARLF0003
7: US1ARLG0013
24: US1ARLK0004
17: US1ARIN0011
28: US1ARLG0009
34: US1ARLK0008
13: US1ARLK0007
8: US1ARJH0004
2: US1ARLK0017
18: US1ARLK0021
32: US1ARLK0009
27: US1ARLK0001
33: US1ARLK0024
6: US1ARLR0006
20: US1ARLK0015
19: US1ARJH0002
26: US1ARLK0020
22: US1ARLN0004
35: US1ARLG0004
11: US1ARLW0008
5: US1ARJF0010
4: US1ARML0001
9: US1ARLK0011
1: US1ARLW0005
16: US1ARML0006
3: US1ARLK0002
15: US1ARLR0001
21: US1ARMD0005
29: US1ARLW0001
12: US1ARLW0004
31: US1ARLW0002
13: US1ARML0016
17: US1ARML0012
2: US1ARML0018
30: US1ARLK0006
7: US1ARML0009
32: US1ARMN0001
6: US1ARMN0004
20: US1ARMR0001
14: US1ARML0003
34: US1ARML0015
10: US1ARML0004
25: US1ARLW0011
28: US1ARML0014
27: US1ARMN0002
33: US1ARMN0003
8: US1ARML0017
11: US1ARMR0012
24: US1ARML0011
26: US1ARMR0008
18: US1ARML0020
19: US1ARMR0003
23: US1ARMD0002
29: US1ARMS0005
4: US1ARMR0014
1: US1ARMR0016
22: US1ARMR0010
16: US1ARMR0018
21: US1ARMS0003
31: US1ARMT0002
5: US1ARMR0013
2: US1ARMT0005
32: US1ARMT0011
13: US1ARMT0003
35: US1ARMR0011
12: US1ARMS0007
15: US1ARMS0002
30: US1ARMT0008
9: US1ARMR0015
20: US1ARNV0002
17: US1ARMT0004
14: US1ARNW0002
33: US1ARNW0014
7: US1ARMT0010
4: US1ARPK0002
24: US1AROC0007
6: US1ARMT0012
27: US1ARNW0013
25: US1ARNW0008
28: US1ARNW0012
16: US1ARPK0006
18: US1AROC0011
34: US1ARNW0004
23: US1ARPH0006
10: US1ARNW0006
3: US1ARMS0001
8: US1AROC0002
19: US1ARPH0001
11: US1AROC0004
29: US1ARPK0001
22: US1ARPK0004
21: US1ARPK0007
32: US1ARPL0007
2: US1ARPL0006
35: US1ARPN0004
13: US1ARPN0001
33: US1ARPP0017
26: US1AROC0008
31: US1ARPK0009
1: US1ARPK0003
15: US1ARPP0003
7: US1ARPP0018
9: US1ARPP0008
30: US1ARPP0005
4: US1ARPP0020
5: US1ARPL0002
12: US1ARPP0001
17: US1ARPP0012
10: US1ARPS0008
25: US1ARPR0002
27: US1ARPP0030
24: US1ARPP0021
29: US1ARPS0017
16: US1ARPS0003
14: US1ARPP0013
20: US1ARPP0011
32: US1ARPS0022
6: US1ARPP0026
3: US1ARPS0010
28: US1ARPS0001
18: US1ARPS0004
35: US1ARPS0025
26: US1ARPS0031
31: US1ARPS0032
33: US1ARPS0027
19: US1ARPS0012
22: US1ARPS0019
11: US1ARPS0016
23: US1ARPS0007
34: US1ARPS0005
7: US1ARPS0040
21: US1ARPS0020
2: US1ARPS0024
30: US1ARPS0045
8: US1ARPS0011
4: US1ARPS0049
1: US1ARPS0036
5: US1ARPS0051
13: US1ARPS0026
15: US1ARPS0039
9: US1ARPS0041
12: US1ARPS0052
28: US1ARPS0075
16: US1ARPS0064
14: US1ARPS0066
24: US1ARPS0061
29: US1ARPS0063
17: US1ARPS0053
10: US1ARPS0054
26: US1ARPS0089
32: US1ARPS0070
25: US1ARPS0056
6: US1ARPS0071
19: US1ARPS0096
18: US1ARPS0080
11: US1ARPY0003
35: US1ARPS0088
20: US1ARPS0068
3: US1ARPS0073
33: US1ARPS0093
31: US1ARPS0092
27: US1ARPS0058
30: US1ARRN0002
8: US1ARRN0003
23: US1ARPY0004
21: US1ARPY0008
22: US1ARPY0002
2: US1ARPY0009
5: US1ARRN0006
1: US1ARRN0005
34: US1ARPY0005
7: US1ARPY0007
15: US1ARRN0009
16: US1ARRN0014
14: US1ARRN0017
13: US1ARRN0008
9: US1ARRN0010
26: US1ARSB0005
29: US1ARSB0001
24: US1ARRN0021
12: US1ARRN0011
19: US1ARSC0004
28: US1ARRN0012
4: US1ARRN0004
17: US1ARSB0003
20: US1ARSH0008
3: US1ARSH0009
27: US1ARSH0014
6: US1ARSB0012
25: US1ARSB0011
23: US1ARSH0020
35: US1ARSH0006
32: US1ARSB0008
33: US1ARSH0010
10: US1ARSB0004
2: US1ARSL0005
8: US1ARSH0019
11: US1ARSH0005
21: US1ARSL0001
5: US1ARSL0006
18: US1ARSH0003
1: US1ARSL0008
15: US1ARSL0012
31: US1ARSH0011
22: US1ARSL0004
16: US1ARSL0015
30: US1ARSH0017
7: US1ARSL0010
14: US1ARSL0016
13: US1ARSL0021
20: US1ARSL0038
29: US1ARSL0028
27: US1ARSL0042
12: US1ARSL0033
19: US1ARSL0034
24: US1ARSL0029
28: US1ARSL0035
6: US1ARSL0043
26: US1ARSL0027
35: US1ARSR0006
4: US1ARSL0036
9: US1ARSL0023
34: US1ARSL0009
3: US1ARSL0039
8: US1ARST0004
23: US1ARSR0003
11: US1ARST0005
17: US1ARSL0037
25: US1ARSR0002
2: US1ARST0003
7: US1ARST0018
33: US1ARSR0009
30: US1ARST0017
32: US1ARSR0008
13: US1ARST0021
21: US1ARST0006
1: US1ARST0012
22: US1ARST0015
18: US1ARST0011
28: US1ARSV0007
15: US1ARST0013
29: US1ARST0023
10: US1ARST0002
19: US1ARST0027
9: US1ARVB0009
8: US1ARVB0021
14: US1ARST0020
31: US1ARST0014
27: US1ARST0024
35: US1ARVB0004
12: US1ARST0025
20: US1ARST0022
24: US1ARSV0002
11: US1ARWH0004
5: US1ARST0010
34: US1ARVB0011
16: US1ARST0016
26: US1ARVB0001
25: US1ARWH0006
33: US1ARWH0010
6: US1ARSV0008
13: US1ARWH0012
32: US1ARWH0013
17: US1ARWH0005
3: US1ARVB0013
2: US1ARWH0007
4: US1ARVB0008
22: US1ARWH0028
21: US1ARWH0014
7: US1ARWH0009
30: US1ARWH0011
28: US1ARWS0003
29: US1ARWS0006
8: US1ARWS0014
27: US1ARWS0021
10: US1ARWS0008
18: US1ARWS0002
23: US1ARWH0002
1: US1ARWH0016
14: US1ARWS0016
19: US1ARWS0009
20: US1ARWS0025
5: US1ARWS0035
9: US1ARWS0013
15: US1ARWS0004
11: US1ARWS0032
6: US1ARWS0044
12: US1ARWS0024
31: US1ARWS0017
16: US1ARWS0040
35: US1ARWS0022
3: US1ARYL0004
25: US1ARWS0042
4: US1ARYL0006
34: US1ARWS0036
33: US1ARWS0043
26: US1ARWS0041
24: US1ARWS0029
2: US1ARYL0005
22: US1ARYL0007
28: US1ARYL0013
21: US1ARYL0010
29: US1ARYL0015
17: US1ARYL0003
32: US1ARYL0002
7: US1ARYL0011
10: US1AZAP0004
30: US1ARYL0012
20: US1AZAP0018
13: US1ARYL0001
8: US1AZAP0002
35: US1AZCH0010
5: US1AZAP0021
34: US1AZCH0016
9: US1AZAP0022
18: US1AZAP0007
31: US1AZCH0006
15: US1AZAP0028
1: US1AZAP0010
24: US1AZCH0021
23: US1AZAP0009
27: US1AZAP0003
19: US1AZAP0014
11: US1AZCH0002
28: US1AZCH0026
25: US1AZCH0013
12: US1AZCH0005
6: US1AZCH0003
14: US1AZAP0013
22: US1AZCH0024
29: US1AZCH0028
3: US1AZCH0012
4: US1AZCH0015
16: US1AZCH0008
26: US1AZCH0019
30: US1AZCH0037
10: US1AZCH0036
33: US1AZCH0017
32: US1AZCH0032
7: US1AZCH0033
21: US1AZCH0027
2: US1AZCH0022
15: US1AZCH0058
13: US1AZCH0041
1: US1AZCH0060
8: US1AZCH0048
17: US1AZCH0031
35: US1AZCH0049
11: US1AZCH0068
34: US1AZCH0051
20: US1AZCH0039
18: US1AZCH0054
24: US1AZCH0061
14: US1AZCH0074
5: US1AZCH0050
28: US1AZCH0069
4: US1AZCH0078
9: US1AZCH0052
22: US1AZCH0075
19: US1AZCH0066
27: US1AZCH0064
10: US1AZCH0082
33: US1AZCH0085
23: US1AZCH0063
31: US1AZCH0057
3: US1AZCH0077
16: US1AZCH0079
7: US1AZCH0089
26: US1AZCH0080
12: US1AZCH0072
30: US1AZCH0081
25: US1AZCH0071
21: US1AZCH0090
17: US1AZCN0012
29: US1AZCH0076
35: US1AZCN0013
13: US1AZCN0006
6: US1AZCH0073
8: US1AZCN0010
14: US1AZCN0026
32: US1AZCH0086
19: US1AZCN0043
2: US1AZCN0002
31: US1AZCN0058
23: US1AZCN0055
1: US1AZCN0007
28: US1AZCN0028
15: US1AZCN0003
24: US1AZCN0022
27: US1AZCN0044
3: US1AZCN0059
18: US1AZCN0021
34: US1AZCN0019
4: US1AZCN0031
16: US1AZCN0060
11: US1AZCN0014
33: US1AZCN0054
9: US1AZCN0033
20: US1AZCN0020
30: US1AZCN0070
5: US1AZCN0027
22: US1AZCN0042
10: US1AZCN0046
12: US1AZCN0069
25: US1AZCN0074
8: US1AZCN0106
21: US1AZCN0075
17: US1AZCN0077
32: US1AZCN0110
7: US1AZCN0061
6: US1AZCN0095
26: US1AZCN0066
29: US1AZCN0079
23: US1AZCN0126
14: US1AZCN0107
35: US1AZCN0088
13: US1AZCN0092
19: US1AZCN0111
1: US1AZCN0127
3: US1AZCN0139
28: US1AZCN0131
4: US1AZCN0145
27: US1AZCN0137
30: US1AZCN0155
9: US1AZCN0151
10: US1AZCN0162
2: US1AZCN0113
22: US1AZCN0158
24: US1AZCN0134
31: US1AZCN0122
15: US1AZCN0132
8: US1AZCN0169
25: US1AZCN0166
21: US1AZCN0176
18: US1AZCN0140
16: US1AZCN0147
11: US1AZCN0148
7: US1AZGH0003
33: US1AZCN0149
34: US1AZCN0143
12: US1AZCN0164
17: US1AZCN0178
20: US1AZCN0154
5: US1AZCN0156
6: US1AZGH0004
14: US1AZGL0005
28: US1AZGL0014
32: US1AZGH0002
9: US1AZGL0020
30: US1AZGL0017
13: US1AZGL0010
10: US1AZGN0001
3: US1AZGL0013
19: US1AZGL0011
1: US1AZGL0012
27: US1AZGL0016
4: US1AZGL0015
2: US1AZGN0002
29: US1AZGL0003
35: US1AZGL0008
26: US1AZGL0001
22: US1AZLP0001
24: US1AZMH0001
23: US1AZGL0004
31: US1AZMH0002
34: US1AZMH0024
11: US1AZMH0016
18: US1AZMH0010
16: US1AZMH0013
7: US1AZMH0021
33: US1AZMH0022
8: US1AZMH0004
25: US1AZMH0005
17: US1AZMH0026
21: US1AZMH0006
5: US1AZMH0028
28: US1AZMH0033
6: US1AZMH0029
20: US1AZMH0027
15: US1AZMH0003
12: US1AZMH0025
14: US1AZMH0031
13: US1AZMR0003
9: US1AZMH0041
19: US1AZMR0007
30: US1AZMR0001
32: US1AZMH0036
4: US1AZMR0011
3: US1AZMR0006
10: US1AZMR0005
1: US1AZMR0008
2: US1AZMR0013
22: US1AZMR0019
29: US1AZMR0015
23: US1AZMR0023
26: US1AZMR0017
24: US1AZMR0022
18: US1AZMR0027
27: US1AZMR0010
16: US1AZMR0029
31: US1AZMR0024
34: US1AZMR0025
35: US1AZMR0016
6: US1AZMR0044
21: US1AZMR0039
8: US1AZMR0033
33: US1AZMR0032
3: US1AZMR0062
11: US1AZMR0026
19: US1AZMR0053
25: US1AZMR0034
7: US1AZMR0031
10: US1AZMR0063
5: US1AZMR0041
4: US1AZMR0061
13: US1AZMR0049
14: US1AZMR0048
22: US1AZMR0066
9: US1AZMR0052
17: US1AZMR0035
28: US1AZMR0042
20: US1AZMR0045
15: US1AZMR0046
32: US1AZMR0058
12: US1AZMR0047
1: US1AZMR0064
30: US1AZMR0057
2: US1AZMR0065
29: US1AZMR0068
27: US1AZMR0074
23: US1AZMR0069
18: US1AZMR0072
31: US1AZMR0078
26: US1AZMR0070
24: US1AZMR0071
11: US1AZMR0101
34: US1AZMR0080
16: US1AZMR0075
21: US1AZMR0094
6: US1AZMR0088
13: US1AZMR0114
8: US1AZMR0095
14: US1AZMR0115
7: US1AZMR0108
35: US1AZMR0082
10: US1AZMR0110
3: US1AZMR0100
1: US1AZMR0152
9: US1AZMR0126
25: US1AZMR0105
17: US1AZMR0130
4: US1AZMR0113
22: US1AZMR0118
19: US1AZMR0103
5: US1AZMR0111
12: US1AZMR0147
33: US1AZMR0096
29: US1AZMR0156
28: US1AZMR0131
15: US1AZMR0138
32: US1AZMR0140
30: US1AZMR0153
2: US1AZMR0155
27: US1AZMR0157
34: US1AZMR0168
23: US1AZMR0158
24: US1AZMR0163
20: US1AZMR0132
8: US1AZMR0189
21: US1AZMR0171
18: US1AZMR0160
13: US1AZMR0188
6: US1AZMR0174
7: US1AZMR0192
31: US1AZMR0161
11: US1AZMR0164
26: US1AZMR0162
1: US1AZMR0200
25: US1AZMR0204
3: US1AZMR0199
14: US1AZMR0190
17: US1AZMR0206
16: US1AZMR0170
12: US1AZMR0214
5: US1AZMR0213
10: US1AZMR0198
9: US1AZMR0203
35: US1AZMR0197
4: US1AZMR0207
2: US1AZMR0231
22: US1AZMR0209
28: US1AZMR0221
19: US1AZMR0211
33: US1AZMR0218
15: US1AZMR0222
20: US1AZMR0241
23: US1AZMR0235
30: US1AZMR0228
32: US1AZMR0226
34: US1AZMR0234
1: US1AZMR0257
29: US1AZMR0220
21: US1AZMR0243
7: US1AZMR0248
27: US1AZMR0232
24: US1AZMR0239
31: US1AZMR0253
11: US1AZMR0254
16: US1AZMR0262
8: US1AZMR0242
18: US1AZMR0244
2: US1AZMR0270
26: US1AZMR0255
13: US1AZMR0245
25: US1AZMR0258
3: US1AZMR0259
6: US1AZMR0246
19: US1AZMR0273
5: US1AZMR0265
10: US1AZMR0266
35: US1AZMR0268
4: US1AZMR0269
22: US1AZMR0271
28: US1AZMR0272
12: US1AZMR0264
15: US1AZMR0277
17: US1AZMR0261
14: US1AZMR0260
33: US1AZMR0274
34: US1AZMR0283
30: US1AZMR0281
9: US1AZMR0267
32: US1AZMR0282
16: US1AZMR0312
20: US1AZMR0278
18: US1AZMR0314
27: US1AZMR0291
23: US1AZMR0280
7: US1AZMR0290
24: US1AZMR0292
31: US1AZMR0303
11: US1AZMR0304
1: US1AZMR0287
29: US1AZMR0288
21: US1AZMR0289
2: US1AZMR0316
13: US1AZMR0321
6: US1AZMR0333
14: US1AZMR0346
5: US1AZMR0335
19: US1AZMR0334
8: US1AZMR0313
22: US1AZMR0340
28: US1AZMR0341
33: US1AZMR0347
25: US1AZMR0322
3: US1AZMR0326
9: US1AZMR0351
4: US1AZMR0339
10: US1AZMR0337
12: US1AZMR0342
35: US1AZMR0338
34: US1AZMR0349
26: US1AZMR0319
15: US1AZMR0343
30: US1AZMR0350
23: US1AZMR0361
16: US1AZMR0353
17: US1AZMR0344
6: US1AZMR0381
27: US1AZMR0359
7: US1AZMR0362
24: US1AZMR0366
20: US1AZMR0356
32: US1AZMR0352
31: US1AZMR0368
21: US1AZMR0377
2: US1AZMR0378
29: US1AZMR0375
18: US1AZMR0357
1: US1AZMR0373
11: US1AZMR0372
13: US1AZMR0379
3: US1AZMR0406
19: US1AZMR0386
9: US1AZMR0409
22: US1AZMR0392
28: US1AZMR0395
30: US1AZMR0421
23: US1AZMR0422
5: US1AZMR0384
10: US1AZMR0411
34: US1AZMR0416
35: US1AZMR0413
26: US1AZMR0419
4: US1AZMR0410
8: US1AZMR0387
16: US1AZMR0423
15: US1AZMR0420
17: US1AZMR0424
6: US1AZMR0425
33: US1AZMR0398
25: US1AZMR0402
12: US1AZMR0412
14: US1AZMR0382
27: US1AZMR0429
7: US1AZMR0431
24: US1AZMR0432
20: US1AZMR0434
2: US1AZMR0440
32: US1AZMR0435
1: US1AZMR0445
3: US1AZMR0452
29: US1AZMR0442
19: US1AZMR0453
31: US1AZMR0436
21: US1AZMR0437
13: US1AZMR0451
11: US1AZMR0448
9: US1AZMR0454
18: US1AZMR0443
8: US1AZMR0472
16: US1AZMR0474
22: US1AZMR0456
30: US1AZMR0460
26: US1AZMR0467
28: US1AZMR0458
23: US1AZMR0461
35: US1AZMR0466
34: US1AZMR0465
4: US1AZMR0470
15: US1AZMR0475
17: US1AZMR0476
6: US1AZMR0477
5: US1AZMR0463
27: US1AZMR0487
10: US1AZMR0464
25: US1AZMR0479
12: US1AZMR0484
24: US1AZMR0492
14: US1AZMR0485
33: US1AZMR0478
20: US1AZMR0494
1: US1AZMR0501
21: US1AZMR0507
2: US1AZMR0496
11: US1AZMR0510
32: US1AZMR0499
13: US1AZMR0508
3: US1AZMR0502
7: US1AZMR0488
19: US1AZMR0504
31: US1AZMR0506
29: US1AZMR0503
16: US1AZMR0518
18: US1AZMR0512
30: US1AZMR0521
26: US1AZMR0527
28: US1AZMR0529
22: US1AZMR0519
9: US1AZMR0511
35: US1AZMR0531
4: US1AZMR0534
8: US1AZMR0517
27: US1AZMR0540
12: US1AZMR0561
23: US1AZMR0530
34: US1AZMR0532
17: US1AZMR0536
14: US1AZMR0568
5: US1AZMR0539
6: US1AZMR0537
10: US1AZMR0544
20: US1AZMR0572
25: US1AZMR0555
15: US1AZMR0535
24: US1AZMR0562
33: US1AZMR0569
2: US1AZMR0579
32: US1AZMR0581
21: US1AZMR0578
3: US1AZMR0584
31: US1AZMR0587
16: US1AZMR0590
1: US1AZMR0577
11: US1AZMR0580
7: US1AZMR0585
19: US1AZMR0586
13: US1AZMR0583
18: US1AZMR0591
29: US1AZMR0589
35: US1AZMR0599
28: US1AZMR0596
30: US1AZMR0593
9: US1AZMR0598
8: US1AZMR0603
4: US1AZMR0602
22: US1AZMR0597
26: US1AZMR0595
27: US1AZMR0605
23: US1AZMR0610
12: US1AZMR0608
34: US1AZMR0612
17: US1AZMR0613
14: US1AZMR0617
6: US1AZMR0619
5: US1AZMR0618
20: US1AZNV0006
32: US1AZNV0016
2: US1AZNV0013
16: US1AZNV0033
10: US1AZNV0003
15: US1AZNV0009
33: US1AZNV0012
11: US1AZNV0041
19: US1AZNV0045
13: US1AZNV0052
21: US1AZNV0018
18: US1AZNV0053
1: US1AZNV0035
31: US1AZNV0024
14: US1AZPM0021
9: US1AZPM0006
24: US1AZNV0010
4: US1AZPM0009
3: US1AZNV0020
7: US1AZNV0042
26: US1AZPM0011
34: US1AZPM0015
25: US1AZNV0007
30: US1AZPM0005
8: US1AZPM0007
29: US1AZPM0002
22: US1AZPM0010
6: US1AZPM0023
28: US1AZPM0004
17: US1AZPM0019
35: US1AZPM0003
12: US1AZPM0014
5: US1AZPM0024
27: US1AZPM0012
23: US1AZPM0013
20: US1AZPM0029
16: US1AZPM0036
10: US1AZPM0037
2: US1AZPM0035
14: US1AZPM0054
32: US1AZPM0031
34: US1AZPM0065
15: US1AZPM0038
33: US1AZPM0040
24: US1AZPM0057
4: US1AZPM0060
26: US1AZPM0064
9: US1AZPM0055
19: US1AZPM0044
11: US1AZPM0041
28: US1AZPM0074
8: US1AZPM0070
3: US1AZPM0062
12: US1AZPM0079
6: US1AZPM0073
7: US1AZPM0063
18: US1AZPM0049
13: US1AZPM0046
1: US1AZPM0050
30: US1AZPM0069
25: US1AZPM0066
21: US1AZPM0047
17: US1AZPM0075
29: US1AZPM0071
31: US1AZPM0051
22: US1AZPM0072
2: US1AZPM0089
20: US1AZPM0085
10: US1AZPM0088
35: US1AZPM0077
5: US1AZPM0081
34: US1AZPM0093
24: US1AZPM0098
23: US1AZPM0083
32: US1AZPM0092
27: US1AZPM0082
15: US1AZPM0094
16: US1AZPM0087
33: US1AZPM0095
14: US1AZPM0091
4: US1AZPM0099
19: US1AZPM0104
17: US1AZPM0121
11: US1AZPM0105
28: US1AZPM0106
1: US1AZPM0114
29: US1AZPM0122
6: US1AZPM0110
12: US1AZPM0109
26: US1AZPM0101
9: US1AZPM0103
2: US1AZPM0125
3: US1AZPM0108
8: US1AZPM0107
21: US1AZPM0120
18: US1AZPM0112
35: US1AZPM0128
31: US1AZPM0123
5: US1AZPM0129
20: US1AZPM0126
13: US1AZPM0113
22: US1AZPM0124
30: US1AZPM0118
34: US1AZPM0130
27: US1AZPM0134
7: US1AZPM0111
10: US1AZPM0127
25: US1AZPM0119
24: US1AZPM0131
32: US1AZPM0133
19: US1AZPM0142
16: US1AZPM0137
23: US1AZPM0132
15: US1AZPM0135
20: US1AZPM0166
35: US1AZPM0163
6: US1AZPM0149
33: US1AZPM0138
14: US1AZPM0139
4: US1AZPM0141
12: US1AZPM0152
28: US1AZPM0146
11: US1AZPM0145
2: US1AZPM0157
17: US1AZPM0143
22: US1AZPM0171
3: US1AZPM0159
34: US1AZPM0173
5: US1AZPM0165
9: US1AZPM0156
1: US1AZPM0147
26: US1AZPM0153
13: US1AZPM0169
27: US1AZPM0174
21: US1AZPM0161
8: US1AZPM0160
29: US1AZPM0148
31: US1AZPM0164
25: US1AZPM0183
30: US1AZPM0172
10: US1AZPM0181
18: US1AZPM0162
16: US1AZPM0188
24: US1AZPM0184
19: US1AZPM0186
7: US1AZPM0176
35: US1AZPM0192
32: US1AZPM0185
23: US1AZPM0189
15: US1AZPM0190
1: US1AZPM0212
4: US1AZPM0198
12: US1AZPM0199
21: US1AZPM0218
17: US1AZPM0205
29: US1AZPM0226
20: US1AZPM0191
3: US1AZPM0207
31: US1AZPM0228
26: US1AZPM0213
28: US1AZPM0201
14: US1AZPM0195
9: US1AZPM0211
33: US1AZPM0194
34: US1AZPM0208
8: US1AZPM0223
11: US1AZPM0202
5: US1AZPM0210
6: US1AZPM0193
22: US1AZPM0206
13: US1AZPM0214
30: US1AZPM0230
24: US1AZPM0238
27: US1AZPM0215
25: US1AZPM0229
2: US1AZPM0204
19: US1AZPM0240
10: US1AZPM0231
7: US1AZPM0241
18: US1AZPM0233
16: US1AZPM0234
21: US1AZPM0254
15: US1AZPM0248
23: US1AZPM0247
35: US1AZPM0244
32: US1AZPM0245
12: US1AZPM0252
11: US1AZPM0283
5: US1AZPM0284
17: US1AZPM0258
3: US1AZPM0264
28: US1AZPM0268
9: US1AZPM0272
1: US1AZPM0249
4: US1AZPM0250
8: US1AZPM0281
22: US1AZPM0286
29: US1AZPM0261
34: US1AZPM0275
26: US1AZPM0266
2: US1AZPM0300
33: US1AZPM0273
14: US1AZPM0269
20: US1AZPM0263
24: US1AZPM0292
30: US1AZPM0291
6: US1AZPM0285
13: US1AZPM0289
25: US1AZPM0299
19: US1AZPM0301
27: US1AZPM0294
31: US1AZPM0265
10: US1AZPM0302
7: US1AZPM0303
15: US1AZPM0307
32: US1AZPM0312
16: US1AZPM0305
12: US1AZPM0313
21: US1AZPM0306
23: US1AZPM0308
18: US1AZPM0304
35: US1AZPM0311
34: US1AZPM0333
8: US1AZPM0329
17: US1AZPM0321
26: US1AZPM0336
14: US1AZPM0340
5: US1AZPM0318
6: US1AZPM0351
22: US1AZPM0331
25: US1AZPM0356
30: US1AZPM0350
11: US1AZPM0315
13: US1AZPM0355
28: US1AZPM0323
1: US1AZPM0327
9: US1AZPM0326
2: US1AZPM0338
27: US1AZPM0362
3: US1AZPM0322
31: US1AZPM0363
24: US1AZPM0347
20: US1AZPM0346
33: US1AZPM0339
29: US1AZPM0332
19: US1AZPM0359
4: US1AZPM0328
10: US1AZPM0365
7: US1AZPM0366
15: US1AZPM0368
16: US1AZPM0371
23: US1AZPM0378
12: US1AZPM0374
21: US1AZPM0375
35: US1AZPM0383
32: US1AZPM0370
18: US1AZPM0379
8: US1AZPM0385
17: US1AZPM0386
25: US1AZPM0395
30: US1AZPM0396
34: US1AZPM0384
14: US1AZPM0391
31: US1AZPM0407
2: US1AZPM0405
20: US1AZPM0409
3: US1AZPM0406
33: US1AZPM0410
6: US1AZPM0393
5: US1AZPM0392
22: US1AZPM0394
11: US1AZPM0397
9: US1AZPM0402
28: US1AZPM0399
1: US1AZPM0401
13: US1AZPM0398
27: US1AZPM0404
24: US1AZPM0408
26: US1AZPM0390
29: US1AZPM0411
19: US1AZPM0412
10: US1AZPM0415
4: US1AZPM0413
16: US1AZPM0419
23: US1AZPM0421
35: US1AZPM0425
18: US1AZPM0427
7: US1AZPM0416
15: US1AZPM0417
12: US1AZPM0422
34: US1AZPM0436
32: US1AZPM0426
21: US1AZPM0424
30: US1AZPM0435
14: US1AZPM0441
25: US1AZPM0433
6: US1AZPN0002
3: US1AZPM0448
8: US1AZPM0430
31: US1AZPM0442
20: US1AZPM0446
2: US1AZPM0445
33: US1AZPM0449
13: US1AZPN0011
17: US1AZPM0432
24: US1AZPN0014
28: US1AZPN0009
5: US1AZPN0003
27: US1AZPN0013
11: US1AZPN0007
26: US1AZPN0015
29: US1AZPN0016
1: US1AZPN0010
16: US1AZPN0022
4: US1AZPN0021
22: US1AZPN0006
18: US1AZPN0026
15: US1AZPN0028
9: US1AZPN0008
21: US1AZPN0034
34: US1AZPN0032
19: US1AZPN0017
25: US1AZPN0044
10: US1AZPN0020
20: US1AZPN0051
24: US1AZPN0060
23: US1AZPN0024
35: US1AZPN0025
3: US1AZPN0047
33: US1AZPN0054
7: US1AZPN0027
27: US1AZPN0064
32: US1AZPN0033
2: US1AZPN0053
28: US1AZPN0062
17: US1AZPN0059
5: US1AZPN0063
14: US1AZPN0037
29: US1AZPN0068
30: US1AZPN0035
26: US1AZPN0067
1: US1AZPN0069
6: US1AZPN0045
13: US1AZPN0058
12: US1AZPN0029
8: US1AZPN0049
31: US1AZPN0050
16: US1AZPN0070
25: US1AZPN0083
21: US1AZPN0078
22: US1AZPN0072
15: US1AZPN0075
11: US1AZPN0065
19: US1AZPN0081
4: US1AZPN0071
34: US1AZPN0079
23: US1AZPN0091
9: US1AZPN0077
35: US1AZPN0092
18: US1AZPN0073
10: US1AZPN0084
24: US1AZPN0088
20: US1AZPN0087
3: US1AZPN0093
33: US1AZPN0094
26: US1AZSC0016
14: US1AZSC0011
27: US1AZSC0002
2: US1AZSC0006
17: US1AZSC0009
32: US1AZSC0003
28: US1AZSC0007
6: US1AZSC0019
12: US1AZSC0021
7: US1AZSC0001
8: US1AZSC0023
16: US1AZSC0025
1: US1AZSC0018
13: US1AZSC0020
25: US1AZSC0026
29: US1AZSC0012
31: US1AZSC0024
5: US1AZSC0010
30: US1AZSC0013
19: US1AZYM0010
23: US1AZYV0003
34: US1AZYV0002
24: US1AZYV0014
10: US1AZYV0011
22: US1AZYM0002
21: US1AZYM0001
15: US1AZYM0004
18: US1AZYV0008
33: US1AZYV0020
35: US1AZYV0007
11: US1AZYM0007
20: US1AZYV0017
26: US1AZYV0021
8: US1AZYV0036
9: US1AZYV0005
7: US1AZYV0035
27: US1AZYV0023
6: US1AZYV0033
3: US1AZYV0018
4: US1AZYV0001
14: US1AZYV0022
16: US1AZYV0038
13: US1AZYV0041
30: US1AZYV0051
2: US1AZYV0028
17: US1AZYV0029
32: US1AZYV0030
31: US1AZYV0047
24: US1AZYV0056
15: US1AZYV0062
29: US1AZYV0043
28: US1AZYV0032
23: US1AZYV0054
1: US1AZYV0040
5: US1AZYV0049
12: US1AZYV0034
10: US1AZYV0057
20: US1AZYV0072
25: US1AZYV0042
22: US1AZYV0060
34: US1AZYV0055
9: US1AZYV0078
7: US1AZYV0079
19: US1AZYV0052
11: US1AZYV0070
18: US1AZYV0063
33: US1AZYV0067
26: US1AZYV0073
21: US1AZYV0061
4: US1AZYV0085
35: US1AZYV0068
31: US1AZYV0107
27: US1AZYV0081
30: US1AZYV0094
15: US1AZYV0110
3: US1AZYV0084
8: US1AZYV0076
14: US1AZYV0087
16: US1AZYV0091
5: US1AZYV0120
13: US1AZYV0092
10: US1AZYV0123
32: US1AZYV0100
17: US1AZYV0098
6: US1AZYV0083
2: US1AZYV0096
1: US1AZYV0119
29: US1AZYV0112
12: US1AZYV0122
22: US1AZYV0128
20: US1AZYV0124
28: US1AZYV0113
23: US1AZYV0115
9: US1AZYV0131
26: US1AZYV0140
24: US1AZYV0108
25: US1AZYV0125
34: US1AZYV0129
33: US1AZYV0139
21: US1AZYV0141
19: US1AZYV0135
11: US1AZYV0136
7: US1AZYV0133
31: US1AZYV0148
27: US1AZYV0150
14: US1AZYV0164
16: US1AZYV0165
8: US1AZYV0162
15: US1AZYV0153
3: US1AZYV0159
4: US1AZYV0142
10: US1AZYV0170
32: US1AZYV0174
6: US1AZYV0176
13: US1AZYV0169
5: US1AZYV0166
35: US1AZYV0147
2: US1AZYV0177
30: US1AZYV0152
29: US1AZYV0180
18: US1AZYV0138
17: US1AZYV0175
26: US1AZYV0190
1: US1AZYV0179
12: US1AZYV0181
33: US1AZYV0194
9: US1AZYV0189
23: US1AZYV0187
28: US1AZYV0186
20: US1AZYV0185
24: US1AZYV0191
22: US1AZYV0184
25: US1AZYV0192
21: US1AZYV0195
34: US1AZYV0193
14: US1AZYV0207
27: US1AZYV0205
16: US1Adam1935
8: US1Adam4316
7: US1AZYV0200
19: US1AZYV0198
11: US1AZYV0199
15: US1Adam4412
31: US1AZYV0201
4: US1Brow4379
6: US1Butl4121
