# Job Info ----------------------------
Job ID: 131020
Node: node008
Starting: 12/11/23 03:44:43

# Run Results -------------------------
Processing stations individually...
Process Process-2:
Traceback (most recent call last):
  File "/home/jtblake/.conda/envs/701/lib/python3.10/multiprocessing/process.py", line 315, in _bootstrap
    self.run()
  File "/home/jtblake/.conda/envs/701/lib/python3.10/multiprocessing/process.py", line 108, in run
    self._target(*self._args, **self._kwargs)
  File "/storage/homes/jtblake/undercover-salamander/./data/NOAAToJSON.py", line 133, in processStationQueue
    print(f"{TASK_NUMBER}: {row[0]}")
TypeError: 'NoneType' object is not subscriptable
Process Process-11:
Traceback (most recent call last):
  File "/home/jtblake/.conda/envs/701/lib/python3.10/multiprocessing/process.py", line 315, in _bootstrap
    self.run()
  File "/home/jtblake/.conda/envs/701/lib/python3.10/multiprocessing/process.py", line 108, in run
    self._target(*self._args, **self._kwargs)
  File "/storage/homes/jtblake/undercover-salamander/./data/NOAAToJSON.py", line 133, in processStationQueue
    print(f"{TASK_NUMBER}: {row[0]}")
TypeError: 'NoneType' object is not subscriptable
Process Process-5:
Traceback (most recent call last):
  File "/home/jtblake/.conda/envs/701/lib/python3.10/multiprocessing/process.py", line 315, in _bootstrap
    self.run()
  File "/home/jtblake/.conda/envs/701/lib/python3.10/multiprocessing/process.py", line 108, in run
    self._target(*self._args, **self._kwargs)
  File "/storage/homes/jtblake/undercover-salamander/./data/NOAAToJSON.py", line 133, in processStationQueue
    print(f"{TASK_NUMBER}: {row[0]}")
TypeError: 'NoneType' object is not subscriptable
Process Process-22:
Traceback (most recent call last):
  File "/home/jtblake/.conda/envs/701/lib/python3.10/multiprocessing/process.py", line 315, in _bootstrap
    self.run()
  File "/home/jtblake/.conda/envs/701/lib/python3.10/multiprocessing/process.py", line 108, in run
    self._target(*self._args, **self._kwargs)
  File "/storage/homes/jtblake/undercover-salamander/./data/NOAAToJSON.py", line 133, in processStationQueue
    print(f"{TASK_NUMBER}: {row[0]}")
TypeError: 'NoneType' object is not subscriptable
Process Process-3:
Process Process-19:
Traceback (most recent call last):
  File "/home/jtblake/.conda/envs/701/lib/python3.10/multiprocessing/process.py", line 315, in _bootstrap
    self.run()
  File "/home/jtblake/.conda/envs/701/lib/python3.10/multiprocessing/process.py", line 108, in run
    self._target(*self._args, **self._kwargs)
  File "/storage/homes/jtblake/undercover-salamander/./data/NOAAToJSON.py", line 133, in processStationQueue
    print(f"{TASK_NUMBER}: {row[0]}")
TypeError: 'NoneType' object is not subscriptable
Traceback (most recent call last):
  File "/home/jtblake/.conda/envs/701/lib/python3.10/multiprocessing/process.py", line 315, in _bootstrap
    self.run()
  File "/home/jtblake/.conda/envs/701/lib/python3.10/multiprocessing/process.py", line 108, in run
    self._target(*self._args, **self._kwargs)
  File "/storage/homes/jtblake/undercover-salamander/./data/NOAAToJSON.py", line 133, in processStationQueue
    print(f"{TASK_NUMBER}: {row[0]}")
TypeError: 'NoneType' object is not subscriptable
Process Process-26:
Traceback (most recent call last):
  File "/home/jtblake/.conda/envs/701/lib/python3.10/multiprocessing/process.py", line 315, in _bootstrap
    self.run()
Process Process-15:
  File "/home/jtblake/.conda/envs/701/lib/python3.10/multiprocessing/process.py", line 108, in run
    self._target(*self._args, **self._kwargs)
  File "/storage/homes/jtblake/undercover-salamander/./data/NOAAToJSON.py", line 133, in processStationQueue
    print(f"{TASK_NUMBER}: {row[0]}")
TypeError: 'NoneType' object is not subscriptable
Traceback (most recent call last):
  File "/home/jtblake/.conda/envs/701/lib/python3.10/multiprocessing/process.py", line 315, in _bootstrap
    self.run()
  File "/home/jtblake/.conda/envs/701/lib/python3.10/multiprocessing/process.py", line 108, in run
    self._target(*self._args, **self._kwargs)
  File "/storage/homes/jtblake/undercover-salamander/./data/NOAAToJSON.py", line 133, in processStationQueue
    print(f"{TASK_NUMBER}: {row[0]}")
TypeError: 'NoneType' object is not subscriptable
Process Process-21:
Traceback (most recent call last):
  File "/home/jtblake/.conda/envs/701/lib/python3.10/multiprocessing/process.py", line 315, in _bootstrap
    self.run()
  File "/home/jtblake/.conda/envs/701/lib/python3.10/multiprocessing/process.py", line 108, in run
    self._target(*self._args, **self._kwargs)
  File "/storage/homes/jtblake/undercover-salamander/./data/NOAAToJSON.py", line 133, in processStationQueue
    print(f"{TASK_NUMBER}: {row[0]}")
TypeError: 'NoneType' object is not subscriptable
Process Process-13:
Traceback (most recent call last):
  File "/home/jtblake/.conda/envs/701/lib/python3.10/multiprocessing/process.py", line 315, in _bootstrap
    self.run()
  File "/home/jtblake/.conda/envs/701/lib/python3.10/multiprocessing/process.py", line 108, in run
    self._target(*self._args, **self._kwargs)
  File "/storage/homes/jtblake/undercover-salamander/./data/NOAAToJSON.py", line 133, in processStationQueue
    print(f"{TASK_NUMBER}: {row[0]}")
TypeError: 'NoneType' object is not subscriptable
Process Process-31:
Traceback (most recent call last):
  File "/home/jtblake/.conda/envs/701/lib/python3.10/multiprocessing/process.py", line 315, in _bootstrap
    self.run()
  File "/home/jtblake/.conda/envs/701/lib/python3.10/multiprocessing/process.py", line 108, in run
    self._target(*self._args, **self._kwargs)
  File "/storage/homes/jtblake/undercover-salamander/./data/NOAAToJSON.py", line 133, in processStationQueue
    print(f"{TASK_NUMBER}: {row[0]}")
TypeError: 'NoneType' object is not subscriptable
Process Process-9:
Traceback (most recent call last):
  File "/home/jtblake/.conda/envs/701/lib/python3.10/multiprocessing/process.py", line 315, in _bootstrap
    self.run()
  File "/home/jtblake/.conda/envs/701/lib/python3.10/multiprocessing/process.py", line 108, in run
    self._target(*self._args, **self._kwargs)
  File "/storage/homes/jtblake/undercover-salamander/./data/NOAAToJSON.py", line 133, in processStationQueue
    print(f"{TASK_NUMBER}: {row[0]}")
TypeError: 'NoneType' object is not subscriptable
Process Process-32:
Traceback (most recent call last):
  File "/home/jtblake/.conda/envs/701/lib/python3.10/multiprocessing/process.py", line 315, in _bootstrap
    self.run()
  File "/home/jtblake/.conda/envs/701/lib/python3.10/multiprocessing/process.py", line 108, in run
    self._target(*self._args, **self._kwargs)
  File "/storage/homes/jtblake/undercover-salamander/./data/NOAAToJSON.py", line 133, in processStationQueue
    print(f"{TASK_NUMBER}: {row[0]}")
TypeError: 'NoneType' object is not subscriptable
Process Process-10:
Traceback (most recent call last):
  File "/home/jtblake/.conda/envs/701/lib/python3.10/multiprocessing/process.py", line 315, in _bootstrap
    self.run()
  File "/home/jtblake/.conda/envs/701/lib/python3.10/multiprocessing/process.py", line 108, in run
    self._target(*self._args, **self._kwargs)
  File "/storage/homes/jtblake/undercover-salamander/./data/NOAAToJSON.py", line 133, in processStationQueue
    print(f"{TASK_NUMBER}: {row[0]}")
TypeError: 'NoneType' object is not subscriptable
Process Process-12:
Traceback (most recent call last):
  File "/home/jtblake/.conda/envs/701/lib/python3.10/multiprocessing/process.py", line 315, in _bootstrap
    self.run()
  File "/home/jtblake/.conda/envs/701/lib/python3.10/multiprocessing/process.py", line 108, in run
    self._target(*self._args, **self._kwargs)
  File "/storage/homes/jtblake/undercover-salamander/./data/NOAAToJSON.py", line 133, in processStationQueue
    print(f"{TASK_NUMBER}: {row[0]}")
TypeError: 'NoneType' object is not subscriptable
Process Process-7:
Process Process-23:
Traceback (most recent call last):
  File "/home/jtblake/.conda/envs/701/lib/python3.10/multiprocessing/process.py", line 315, in _bootstrap
    self.run()
  File "/home/jtblake/.conda/envs/701/lib/python3.10/multiprocessing/process.py", line 108, in run
    self._target(*self._args, **self._kwargs)
  File "/storage/homes/jtblake/undercover-salamander/./data/NOAAToJSON.py", line 133, in processStationQueue
    print(f"{TASK_NUMBER}: {row[0]}")
TypeError: 'NoneType' object is not subscriptable
Process Process-14:
Traceback (most recent call last):
  File "/home/jtblake/.conda/envs/701/lib/python3.10/multiprocessing/process.py", line 315, in _bootstrap
    self.run()
  File "/home/jtblake/.conda/envs/701/lib/python3.10/multiprocessing/process.py", line 108, in run
    self._target(*self._args, **self._kwargs)
  File "/storage/homes/jtblake/undercover-salamander/./data/NOAAToJSON.py", line 133, in processStationQueue
    print(f"{TASK_NUMBER}: {row[0]}")
TypeError: 'NoneType' object is not subscriptable
Traceback (most recent call last):
  File "/home/jtblake/.conda/envs/701/lib/python3.10/multiprocessing/process.py", line 315, in _bootstrap
    self.run()
  File "/home/jtblake/.conda/envs/701/lib/python3.10/multiprocessing/process.py", line 108, in run
    self._target(*self._args, **self._kwargs)
  File "/storage/homes/jtblake/undercover-salamander/./data/NOAAToJSON.py", line 133, in processStationQueue
    print(f"{TASK_NUMBER}: {row[0]}")
TypeError: 'NoneType' object is not subscriptable
Process Process-30:
Traceback (most recent call last):
  File "/home/jtblake/.conda/envs/701/lib/python3.10/multiprocessing/process.py", line 315, in _bootstrap
    self.run()
  File "/home/jtblake/.conda/envs/701/lib/python3.10/multiprocessing/process.py", line 108, in run
    self._target(*self._args, **self._kwargs)
  File "/storage/homes/jtblake/undercover-salamander/./data/NOAAToJSON.py", line 133, in processStationQueue
    print(f"{TASK_NUMBER}: {row[0]}")
TypeError: 'NoneType' object is not subscriptable
Process Process-17:
Traceback (most recent call last):
  File "/home/jtblake/.conda/envs/701/lib/python3.10/multiprocessing/process.py", line 315, in _bootstrap
    self.run()
  File "/home/jtblake/.conda/envs/701/lib/python3.10/multiprocessing/process.py", line 108, in run
    self._target(*self._args, **self._kwargs)
  File "/storage/homes/jtblake/undercover-salamander/./data/NOAAToJSON.py", line 133, in processStationQueue
    print(f"{TASK_NUMBER}: {row[0]}")
TypeError: 'NoneType' object is not subscriptable
Process Process-6:
Traceback (most recent call last):
  File "/home/jtblake/.conda/envs/701/lib/python3.10/multiprocessing/process.py", line 315, in _bootstrap
    self.run()
  File "/home/jtblake/.conda/envs/701/lib/python3.10/multiprocessing/process.py", line 108, in run
    self._target(*self._args, **self._kwargs)
  File "/storage/homes/jtblake/undercover-salamander/./data/NOAAToJSON.py", line 133, in processStationQueue
    print(f"{TASK_NUMBER}: {row[0]}")
TypeError: 'NoneType' object is not subscriptable
Process Process-33:
Process Process-24:
Traceback (most recent call last):
  File "/home/jtblake/.conda/envs/701/lib/python3.10/multiprocessing/process.py", line 315, in _bootstrap
    self.run()
  File "/home/jtblake/.conda/envs/701/lib/python3.10/multiprocessing/process.py", line 108, in run
    self._target(*self._args, **self._kwargs)
  File "/storage/homes/jtblake/undercover-salamander/./data/NOAAToJSON.py", line 133, in processStationQueue
    print(f"{TASK_NUMBER}: {row[0]}")
TypeError: 'NoneType' object is not subscriptable
Traceback (most recent call last):
  File "/home/jtblake/.conda/envs/701/lib/python3.10/multiprocessing/process.py", line 315, in _bootstrap
    self.run()
  File "/home/jtblake/.conda/envs/701/lib/python3.10/multiprocessing/process.py", line 108, in run
    self._target(*self._args, **self._kwargs)
  File "/storage/homes/jtblake/undercover-salamander/./data/NOAAToJSON.py", line 133, in processStationQueue
    print(f"{TASK_NUMBER}: {row[0]}")
TypeError: 'NoneType' object is not subscriptable
Process Process-20:
Traceback (most recent call last):
  File "/home/jtblake/.conda/envs/701/lib/python3.10/multiprocessing/process.py", line 315, in _bootstrap
    self.run()
  File "/home/jtblake/.conda/envs/701/lib/python3.10/multiprocessing/process.py", line 108, in run
    self._target(*self._args, **self._kwargs)
  File "/storage/homes/jtblake/undercover-salamander/./data/NOAAToJSON.py", line 133, in processStationQueue
    print(f"{TASK_NUMBER}: {row[0]}")
TypeError: 'NoneType' object is not subscriptable
Process Process-28:
Traceback (most recent call last):
  File "/home/jtblake/.conda/envs/701/lib/python3.10/multiprocessing/process.py", line 315, in _bootstrap
    self.run()
  File "/home/jtblake/.conda/envs/701/lib/python3.10/multiprocessing/process.py", line 108, in run
    self._target(*self._args, **self._kwargs)
  File "/storage/homes/jtblake/undercover-salamander/./data/NOAAToJSON.py", line 133, in processStationQueue
    print(f"{TASK_NUMBER}: {row[0]}")
TypeError: 'NoneType' object is not subscriptable
Process Process-27:
Process Process-25:
Traceback (most recent call last):
  File "/home/jtblake/.conda/envs/701/lib/python3.10/multiprocessing/process.py", line 315, in _bootstrap
    self.run()
  File "/home/jtblake/.conda/envs/701/lib/python3.10/multiprocessing/process.py", line 108, in run
    self._target(*self._args, **self._kwargs)
  File "/storage/homes/jtblake/undercover-salamander/./data/NOAAToJSON.py", line 133, in processStationQueue
    print(f"{TASK_NUMBER}: {row[0]}")
TypeError: 'NoneType' object is not subscriptable
Traceback (most recent call last):
  File "/home/jtblake/.conda/envs/701/lib/python3.10/multiprocessing/process.py", line 315, in _bootstrap
    self.run()
  File "/home/jtblake/.conda/envs/701/lib/python3.10/multiprocessing/process.py", line 108, in run
    self._target(*self._args, **self._kwargs)
  File "/storage/homes/jtblake/undercover-salamander/./data/NOAAToJSON.py", line 133, in processStationQueue
    print(f"{TASK_NUMBER}: {row[0]}")
TypeError: 'NoneType' object is not subscriptable
Process Process-8:
Traceback (most recent call last):
  File "/home/jtblake/.conda/envs/701/lib/python3.10/multiprocessing/process.py", line 315, in _bootstrap
    self.run()
  File "/home/jtblake/.conda/envs/701/lib/python3.10/multiprocessing/process.py", line 108, in run
    self._target(*self._args, **self._kwargs)
  File "/storage/homes/jtblake/undercover-salamander/./data/NOAAToJSON.py", line 133, in processStationQueue
    print(f"{TASK_NUMBER}: {row[0]}")
TypeError: 'NoneType' object is not subscriptable
Process Process-4:
Traceback (most recent call last):
  File "/home/jtblake/.conda/envs/701/lib/python3.10/multiprocessing/process.py", line 315, in _bootstrap
    self.run()
  File "/home/jtblake/.conda/envs/701/lib/python3.10/multiprocessing/process.py", line 108, in run
    self._target(*self._args, **self._kwargs)
  File "/storage/homes/jtblake/undercover-salamander/./data/NOAAToJSON.py", line 133, in processStationQueue
    print(f"{TASK_NUMBER}: {row[0]}")
Process Process-18:
TypeError: 'NoneType' object is not subscriptable
Traceback (most recent call last):
  File "/home/jtblake/.conda/envs/701/lib/python3.10/multiprocessing/process.py", line 315, in _bootstrap
    self.run()
  File "/home/jtblake/.conda/envs/701/lib/python3.10/multiprocessing/process.py", line 108, in run
    self._target(*self._args, **self._kwargs)
  File "/storage/homes/jtblake/undercover-salamander/./data/NOAAToJSON.py", line 133, in processStationQueue
    print(f"{TASK_NUMBER}: {row[0]}")
TypeError: 'NoneType' object is not subscriptable
Process Process-35:
Process Process-29:
Traceback (most recent call last):
Traceback (most recent call last):
  File "/home/jtblake/.conda/envs/701/lib/python3.10/multiprocessing/process.py", line 315, in _bootstrap
    self.run()
  File "/home/jtblake/.conda/envs/701/lib/python3.10/multiprocessing/process.py", line 108, in run
    self._target(*self._args, **self._kwargs)
  File "/storage/homes/jtblake/undercover-salamander/./data/NOAAToJSON.py", line 133, in processStationQueue
    print(f"{TASK_NUMBER}: {row[0]}")
  File "/home/jtblake/.conda/envs/701/lib/python3.10/multiprocessing/process.py", line 315, in _bootstrap
    self.run()
TypeError: 'NoneType' object is not subscriptable
  File "/home/jtblake/.conda/envs/701/lib/python3.10/multiprocessing/process.py", line 108, in run
    self._target(*self._args, **self._kwargs)
  File "/storage/homes/jtblake/undercover-salamander/./data/NOAAToJSON.py", line 133, in processStationQueue
    print(f"{TASK_NUMBER}: {row[0]}")
TypeError: 'NoneType' object is not subscriptable
Process Process-16:
Traceback (most recent call last):
  File "/home/jtblake/.conda/envs/701/lib/python3.10/multiprocessing/process.py", line 315, in _bootstrap
    self.run()
  File "/home/jtblake/.conda/envs/701/lib/python3.10/multiprocessing/process.py", line 108, in run
    self._target(*self._args, **self._kwargs)
  File "/storage/homes/jtblake/undercover-salamander/./data/NOAAToJSON.py", line 133, in processStationQueue
    print(f"{TASK_NUMBER}: {row[0]}")
TypeError: 'NoneType' object is not subscriptable
Process Process-34:
Traceback (most recent call last):
  File "/home/jtblake/.conda/envs/701/lib/python3.10/multiprocessing/process.py", line 315, in _bootstrap
    self.run()
  File "/home/jtblake/.conda/envs/701/lib/python3.10/multiprocessing/process.py", line 108, in run
    self._target(*self._args, **self._kwargs)
  File "/storage/homes/jtblake/undercover-salamander/./data/NOAAToJSON.py", line 133, in processStationQueue
    print(f"{TASK_NUMBER}: {row[0]}")
TypeError: 'NoneType' object is not subscriptable
Process Process-36:
Traceback (most recent call last):
  File "/home/jtblake/.conda/envs/701/lib/python3.10/multiprocessing/process.py", line 315, in _bootstrap
    self.run()
  File "/home/jtblake/.conda/envs/701/lib/python3.10/multiprocessing/process.py", line 108, in run
    self._target(*self._args, **self._kwargs)
  File "/storage/homes/jtblake/undercover-salamander/./data/NOAAToJSON.py", line 133, in processStationQueue
    print(f"{TASK_NUMBER}: {row[0]}")
TypeError: 'NoneType' object is not subscriptable
